{"/Users/mc/Documents/project/node/type/ts-axios/src/axios.ts": {"path":"/Users/mc/Documents/project/node/type/ts-axios/src/axios.ts","statementMap":{"0":{"start":{"line":2,"column":0},"end":{"line":2,"column":32}},"1":{"start":{"line":3,"column":0},"end":{"line":3,"column":39}},"2":{"start":{"line":4,"column":0},"end":{"line":4,"column":33}},"3":{"start":{"line":5,"column":0},"end":{"line":5,"column":44}},"4":{"start":{"line":6,"column":0},"end":{"line":6,"column":46}},"5":{"start":{"line":7,"column":0},"end":{"line":7,"column":50}},"6":{"start":{"line":10,"column":18},"end":{"line":10,"column":35}},"7":{"start":{"line":11,"column":19},"end":{"line":11,"column":56}},"8":{"start":{"line":13,"column":2},"end":{"line":13,"column":null}},"9":{"start":{"line":15,"column":2},"end":{"line":15,"column":null}},"10":{"start":{"line":17,"column":14},"end":{"line":17,"column":38}},"11":{"start":{"line":18,"column":0},"end":{"line":20,"column":null}},"12":{"start":{"line":19,"column":2},"end":{"line":19,"column":null}},"13":{"start":{"line":21,"column":0},"end":{"line":21,"column":null}},"14":{"start":{"line":22,"column":0},"end":{"line":22,"column":null}},"15":{"start":{"line":23,"column":0},"end":{"line":23,"column":null}},"16":{"start":{"line":25,"column":0},"end":{"line":27,"column":null}},"17":{"start":{"line":26,"column":2},"end":{"line":26,"column":null}},"18":{"start":{"line":29,"column":0},"end":{"line":33,"column":null}},"19":{"start":{"line":30,"column":2},"end":{"line":32,"column":null}},"20":{"start":{"line":31,"column":4},"end":{"line":31,"column":null}},"21":{"start":{"line":35,"column":0},"end":{"line":35,"column":null}},"22":{"start":{"line":36,"column":0},"end":{"line":36,"column":null}}},"fnMap":{"0":{"name":"createInstance","decl":{"start":{"line":9,"column":9},"end":{"line":9,"column":23}},"loc":{"start":{"line":9,"column":50},"end":{"line":16,"column":1}}},"1":{"name":"create","decl":{"start":{"line":18,"column":24},"end":{"line":18,"column":30}},"loc":{"start":{"line":18,"column":37},"end":{"line":20,"column":1}}},"2":{"name":"all","decl":{"start":{"line":25,"column":21},"end":{"line":25,"column":24}},"loc":{"start":{"line":25,"column":33},"end":{"line":27,"column":1}}},"3":{"name":"spread","decl":{"start":{"line":29,"column":24},"end":{"line":29,"column":30}},"loc":{"start":{"line":29,"column":39},"end":{"line":33,"column":1}}},"4":{"name":"wrap","decl":{"start":{"line":30,"column":18},"end":{"line":30,"column":22}},"loc":{"start":{"line":30,"column":26},"end":{"line":32,"column":3}}}},"branchMap":{},"s":{"0":0,"1":0,"2":0,"3":0,"4":0,"5":0,"6":0,"7":0,"8":0,"9":0,"10":0,"11":0,"12":0,"13":0,"14":0,"15":0,"16":0,"17":0,"18":0,"19":0,"20":0,"21":0,"22":0},"f":{"0":0,"1":0,"2":0,"3":0,"4":0},"b":{}}
,"/Users/mc/Documents/project/node/type/ts-axios/src/defaults.ts": {"path":"/Users/mc/Documents/project/node/type/ts-axios/src/defaults.ts","statementMap":{"0":{"start":{"line":2,"column":0},"end":{"line":2,"column":50}},"1":{"start":{"line":3,"column":0},"end":{"line":3,"column":68}},"2":{"start":{"line":5,"column":37},"end":{"line":34,"column":null}},"3":{"start":{"line":21,"column":6},"end":{"line":21,"column":null}},"4":{"start":{"line":22,"column":6},"end":{"line":22,"column":null}},"5":{"start":{"line":28,"column":6},"end":{"line":28,"column":null}},"6":{"start":{"line":32,"column":4},"end":{"line":32,"column":null}},"7":{"start":{"line":36,"column":22},"end":{"line":36,"column":58}},"8":{"start":{"line":38,"column":0},"end":{"line":40,"column":null}},"9":{"start":{"line":39,"column":2},"end":{"line":39,"column":null}},"10":{"start":{"line":42,"column":24},"end":{"line":42,"column":48}},"11":{"start":{"line":44,"column":0},"end":{"line":48,"column":null}},"12":{"start":{"line":45,"column":2},"end":{"line":47,"column":null}},"13":{"start":{"line":50,"column":0},"end":{"line":50,"column":null}}},"fnMap":{"0":{"name":"(anonymous_0)","decl":{"start":{"line":20,"column":4},"end":{"line":20,"column":13}},"loc":{"start":{"line":20,"column":36},"end":{"line":23,"column":5}}},"1":{"name":"(anonymous_1)","decl":{"start":{"line":27,"column":4},"end":{"line":27,"column":13}},"loc":{"start":{"line":27,"column":22},"end":{"line":29,"column":5}}},"2":{"name":"(anonymous_2)","decl":{"start":{"line":31,"column":2},"end":{"line":31,"column":16}},"loc":{"start":{"line":31,"column":31},"end":{"line":33,"column":3}}},"3":{"name":"(anonymous_3)","decl":{"start":{"line":38,"column":22},"end":{"line":38,"column":28}},"loc":{"start":{"line":38,"column":28},"end":{"line":40,"column":1}}},"4":{"name":"(anonymous_4)","decl":{"start":{"line":44,"column":24},"end":{"line":44,"column":30}},"loc":{"start":{"line":44,"column":30},"end":{"line":48,"column":1}}}},"branchMap":{"0":{"loc":{"start":{"line":32,"column":11},"end":{"line":32,"column":24}},"type":"binary-expr","locations":[{"start":{"line":32,"column":11},"end":{"line":32,"column":24}},{"start":{"line":32,"column":28},"end":{"line":32,"column":40}}]}},"s":{"0":0,"1":0,"2":0,"3":0,"4":0,"5":0,"6":0,"7":0,"8":0,"9":0,"10":0,"11":0,"12":0,"13":0},"f":{"0":0,"1":0,"2":0,"3":0,"4":0},"b":{"0":[0,0]}}
,"/Users/mc/Documents/project/node/type/ts-axios/src/index.ts": {"path":"/Users/mc/Documents/project/node/type/ts-axios/src/index.ts","statementMap":{"0":{"start":{"line":1,"column":0},"end":{"line":1,"column":27}},"1":{"start":{"line":5,"column":0},"end":{"line":5,"column":null}}},"fnMap":{},"branchMap":{},"s":{"0":0,"1":0},"f":{},"b":{}}
,"/Users/mc/Documents/project/node/type/ts-axios/src/cancel/Cancel.ts": {"path":"/Users/mc/Documents/project/node/type/ts-axios/src/cancel/Cancel.ts","statementMap":{"0":{"start":{"line":1,"column":0},"end":{"line":1,"column":null}},"1":{"start":{"line":5,"column":4},"end":{"line":5,"column":null}},"2":{"start":{"line":7,"column":0},"end":{"line":7,"column":null}},"3":{"start":{"line":10,"column":2},"end":{"line":10,"column":null}},"4":{"start":{"line":9,"column":0},"end":{"line":9,"column":16}}},"fnMap":{"0":{"name":"(anonymous_0)","decl":{"start":{"line":1,"column":0},"end":{"line":1,"column":null}},"loc":{"start":{"line":1,"column":0},"end":{"line":7,"column":null}}},"1":{"name":"Cancel","decl":{"start":{"line":4,"column":2},"end":{"line":4,"column":14}},"loc":{"start":{"line":4,"column":30},"end":{"line":6,"column":3}}},"2":{"name":"isCancel","decl":{"start":{"line":9,"column":16},"end":{"line":9,"column":24}},"loc":{"start":{"line":9,"column":35},"end":{"line":11,"column":1}}}},"branchMap":{},"s":{"0":0,"1":0,"2":0,"3":0,"4":0},"f":{"0":0,"1":0,"2":0},"b":{}}
,"/Users/mc/Documents/project/node/type/ts-axios/src/cancel/CancelToken.ts": {"path":"/Users/mc/Documents/project/node/type/ts-axios/src/cancel/CancelToken.ts","statementMap":{"0":{"start":{"line":2,"column":0},"end":{"line":2,"column":29}},"1":{"start":{"line":7,"column":0},"end":{"line":7,"column":null}},"2":{"start":{"line":11,"column":2},"end":{"line":11,"column":14}},"3":{"start":{"line":13,"column":4},"end":{"line":15,"column":null}},"4":{"start":{"line":14,"column":6},"end":{"line":14,"column":null}},"5":{"start":{"line":17,"column":4},"end":{"line":23,"column":null}},"6":{"start":{"line":18,"column":6},"end":{"line":20,"column":null}},"7":{"start":{"line":19,"column":8},"end":{"line":19,"column":14}},"8":{"start":{"line":21,"column":6},"end":{"line":21,"column":null}},"9":{"start":{"line":22,"column":6},"end":{"line":22,"column":null}},"10":{"start":{"line":25,"column":2},"end":{"line":29,"column":null}},"11":{"start":{"line":26,"column":4},"end":{"line":28,"column":null}},"12":{"start":{"line":27,"column":6},"end":{"line":27,"column":null}},"13":{"start":{"line":30,"column":9},"end":{"line":39,"column":null}},"14":{"start":{"line":32,"column":18},"end":{"line":34,"column":6}},"15":{"start":{"line":33,"column":6},"end":{"line":33,"column":null}},"16":{"start":{"line":35,"column":4},"end":{"line":38,"column":null}},"17":{"start":{"line":40,"column":0},"end":{"line":40,"column":null}}},"fnMap":{"0":{"name":"(anonymous_0)","decl":{"start":{"line":7,"column":0},"end":{"line":7,"column":null}},"loc":{"start":{"line":7,"column":0},"end":{"line":40,"column":null}}},"1":{"name":"CancelToken","decl":{"start":{"line":11,"column":2},"end":{"line":11,"column":14}},"loc":{"start":{"line":11,"column":38},"end":{"line":24,"column":3}}},"2":{"name":"(anonymous_2)","decl":{"start":{"line":13,"column":39},"end":{"line":13,"column":46}},"loc":{"start":{"line":13,"column":46},"end":{"line":15,"column":5}}},"3":{"name":"(anonymous_3)","decl":{"start":{"line":17,"column":13},"end":{"line":17,"column":20}},"loc":{"start":{"line":17,"column":20},"end":{"line":23,"column":5}}},"4":{"name":"(anonymous_4)","decl":{"start":{"line":25,"column":2},"end":{"line":25,"column":18}},"loc":{"start":{"line":25,"column":2},"end":{"line":29,"column":3}}},"5":{"name":"(anonymous_5)","decl":{"start":{"line":30,"column":2},"end":{"line":30,"column":9}},"loc":{"start":{"line":30,"column":2},"end":{"line":39,"column":3}}},"6":{"name":"(anonymous_6)","decl":{"start":{"line":32,"column":34},"end":{"line":32,"column":35}},"loc":{"start":{"line":32,"column":35},"end":{"line":34,"column":5}}}},"branchMap":{"0":{"loc":{"start":{"line":18,"column":6},"end":{"line":20,"column":null}},"type":"if","locations":[{"start":{"line":18,"column":6},"end":{"line":20,"column":null}},{"start":{"line":18,"column":6},"end":{"line":20,"column":null}}]},"1":{"loc":{"start":{"line":26,"column":4},"end":{"line":28,"column":null}},"type":"if","locations":[{"start":{"line":26,"column":4},"end":{"line":28,"column":null}},{"start":{"line":26,"column":4},"end":{"line":28,"column":null}}]}},"s":{"0":0,"1":0,"2":0,"3":0,"4":0,"5":0,"6":0,"7":0,"8":0,"9":0,"10":0,"11":0,"12":0,"13":0,"14":0,"15":0,"16":0,"17":0},"f":{"0":0,"1":0,"2":0,"3":0,"4":0,"5":0,"6":0},"b":{"0":[0,0],"1":[0,0]}}
,"/Users/mc/Documents/project/node/type/ts-axios/src/core/Axios.ts": {"path":"/Users/mc/Documents/project/node/type/ts-axios/src/core/Axios.ts","statementMap":{"0":{"start":{"line":9,"column":0},"end":{"line":9,"column":65}},"1":{"start":{"line":10,"column":0},"end":{"line":10,"column":53}},"2":{"start":{"line":11,"column":0},"end":{"line":11,"column":39}},"3":{"start":{"line":23,"column":0},"end":{"line":23,"column":null}},"4":{"start":{"line":27,"column":4},"end":{"line":27,"column":null}},"5":{"start":{"line":28,"column":4},"end":{"line":31,"column":null}},"6":{"start":{"line":34,"column":2},"end":{"line":67,"column":null}},"7":{"start":{"line":35,"column":4},"end":{"line":42,"column":null}},"8":{"start":{"line":36,"column":6},"end":{"line":38,"column":null}},"9":{"start":{"line":37,"column":8},"end":{"line":37,"column":null}},"10":{"start":{"line":39,"column":6},"end":{"line":39,"column":null}},"11":{"start":{"line":41,"column":6},"end":{"line":41,"column":null}},"12":{"start":{"line":43,"column":4},"end":{"line":43,"column":null}},"13":{"start":{"line":44,"column":34},"end":{"line":49,"column":null}},"14":{"start":{"line":51,"column":4},"end":{"line":53,"column":null}},"15":{"start":{"line":52,"column":6},"end":{"line":52,"column":null}},"16":{"start":{"line":55,"column":4},"end":{"line":57,"column":null}},"17":{"start":{"line":56,"column":6},"end":{"line":56,"column":null}},"18":{"start":{"line":59,"column":18},"end":{"line":59,"column":41}},"19":{"start":{"line":61,"column":4},"end":{"line":64,"column":null}},"20":{"start":{"line":62,"column":12},"end":{"line":62,"column":14}},"21":{"start":{"line":62,"column":14},"end":{"line":62,"column":22}},"22":{"start":{"line":62,"column":24},"end":{"line":62,"column":51}},"23":{"start":{"line":63,"column":6},"end":{"line":63,"column":null}},"24":{"start":{"line":66,"column":4},"end":{"line":66,"column":null}},"25":{"start":{"line":80,"column":2},"end":{"line":82,"column":null}},"26":{"start":{"line":81,"column":4},"end":{"line":81,"column":null}},"27":{"start":{"line":84,"column":2},"end":{"line":86,"column":null}},"28":{"start":{"line":85,"column":4},"end":{"line":85,"column":null}},"29":{"start":{"line":88,"column":2},"end":{"line":90,"column":null}},"30":{"start":{"line":89,"column":4},"end":{"line":89,"column":null}},"31":{"start":{"line":92,"column":2},"end":{"line":94,"column":null}},"32":{"start":{"line":93,"column":4},"end":{"line":93,"column":null}},"33":{"start":{"line":96,"column":2},"end":{"line":98,"column":null}},"34":{"start":{"line":97,"column":4},"end":{"line":97,"column":null}},"35":{"start":{"line":100,"column":2},"end":{"line":102,"column":null}},"36":{"start":{"line":101,"column":4},"end":{"line":101,"column":null}},"37":{"start":{"line":104,"column":2},"end":{"line":106,"column":null}},"38":{"start":{"line":105,"column":4},"end":{"line":105,"column":null}},"39":{"start":{"line":107,"column":2},"end":{"line":110,"column":null}},"40":{"start":{"line":108,"column":4},"end":{"line":108,"column":null}},"41":{"start":{"line":109,"column":4},"end":{"line":109,"column":null}},"42":{"start":{"line":111,"column":2},"end":{"line":122,"column":null}},"43":{"start":{"line":116,"column":4},"end":{"line":121,"column":null}},"44":{"start":{"line":124,"column":2},"end":{"line":137,"column":null}},"45":{"start":{"line":130,"column":4},"end":{"line":136,"column":null}},"46":{"start":{"line":138,"column":0},"end":{"line":138,"column":null}}},"fnMap":{"0":{"name":"(anonymous_0)","decl":{"start":{"line":23,"column":0},"end":{"line":23,"column":null}},"loc":{"start":{"line":23,"column":0},"end":{"line":138,"column":null}}},"1":{"name":"Axios","decl":{"start":{"line":26,"column":2},"end":{"line":26,"column":14}},"loc":{"start":{"line":26,"column":44},"end":{"line":32,"column":3}}},"2":{"name":"(anonymous_2)","decl":{"start":{"line":34,"column":2},"end":{"line":34,"column":9}},"loc":{"start":{"line":34,"column":32},"end":{"line":67,"column":3}}},"3":{"name":"(anonymous_3)","decl":{"start":{"line":51,"column":38},"end":{"line":51,"column":49}},"loc":{"start":{"line":51,"column":49},"end":{"line":53,"column":5}}},"4":{"name":"(anonymous_4)","decl":{"start":{"line":55,"column":39},"end":{"line":55,"column":50}},"loc":{"start":{"line":55,"column":50},"end":{"line":57,"column":5}}},"5":{"name":"(anonymous_5)","decl":{"start":{"line":80,"column":2},"end":{"line":80,"column":5}},"loc":{"start":{"line":80,"column":46},"end":{"line":82,"column":3}}},"6":{"name":"(anonymous_6)","decl":{"start":{"line":84,"column":2},"end":{"line":84,"column":8}},"loc":{"start":{"line":84,"column":49},"end":{"line":86,"column":3}}},"7":{"name":"(anonymous_7)","decl":{"start":{"line":88,"column":2},"end":{"line":88,"column":6}},"loc":{"start":{"line":88,"column":47},"end":{"line":90,"column":3}}},"8":{"name":"(anonymous_8)","decl":{"start":{"line":92,"column":2},"end":{"line":92,"column":9}},"loc":{"start":{"line":92,"column":50},"end":{"line":94,"column":3}}},"9":{"name":"(anonymous_9)","decl":{"start":{"line":96,"column":2},"end":{"line":96,"column":6}},"loc":{"start":{"line":96,"column":59},"end":{"line":98,"column":3}}},"10":{"name":"(anonymous_10)","decl":{"start":{"line":100,"column":2},"end":{"line":100,"column":5}},"loc":{"start":{"line":100,"column":58},"end":{"line":102,"column":3}}},"11":{"name":"(anonymous_11)","decl":{"start":{"line":104,"column":2},"end":{"line":104,"column":7}},"loc":{"start":{"line":104,"column":60},"end":{"line":106,"column":3}}},"12":{"name":"(anonymous_12)","decl":{"start":{"line":107,"column":2},"end":{"line":107,"column":8}},"loc":{"start":{"line":107,"column":36},"end":{"line":110,"column":3}}},"13":{"name":"(anonymous_13)","decl":{"start":{"line":111,"column":2},"end":{"line":111,"column":27}},"loc":{"start":{"line":114,"column":31},"end":{"line":122,"column":3}}},"14":{"name":"(anonymous_14)","decl":{"start":{"line":124,"column":2},"end":{"line":124,"column":24}},"loc":{"start":{"line":128,"column":31},"end":{"line":137,"column":3}}}},"branchMap":{"0":{"loc":{"start":{"line":35,"column":4},"end":{"line":42,"column":null}},"type":"if","locations":[{"start":{"line":35,"column":4},"end":{"line":42,"column":null}},{"start":{"line":35,"column":4},"end":{"line":42,"column":null}}]},"1":{"loc":{"start":{"line":36,"column":6},"end":{"line":38,"column":null}},"type":"if","locations":[{"start":{"line":36,"column":6},"end":{"line":38,"column":null}},{"start":{"line":36,"column":6},"end":{"line":38,"column":null}}]},"2":{"loc":{"start":{"line":117,"column":20},"end":{"line":117,"column":26}},"type":"binary-expr","locations":[{"start":{"line":117,"column":20},"end":{"line":117,"column":26}},{"start":{"line":117,"column":30},"end":{"line":117,"column":32}}]},"3":{"loc":{"start":{"line":131,"column":20},"end":{"line":131,"column":26}},"type":"binary-expr","locations":[{"start":{"line":131,"column":20},"end":{"line":131,"column":26}},{"start":{"line":131,"column":30},"end":{"line":131,"column":32}}]}},"s":{"0":0,"1":0,"2":0,"3":0,"4":0,"5":0,"6":0,"7":0,"8":0,"9":0,"10":0,"11":0,"12":0,"13":0,"14":0,"15":0,"16":0,"17":0,"18":0,"19":0,"20":0,"21":0,"22":0,"23":0,"24":0,"25":0,"26":0,"27":0,"28":0,"29":0,"30":0,"31":0,"32":0,"33":0,"34":0,"35":0,"36":0,"37":0,"38":0,"39":0,"40":0,"41":0,"42":0,"43":0,"44":0,"45":0,"46":0},"f":{"0":0,"1":0,"2":0,"3":0,"4":0,"5":0,"6":0,"7":0,"8":0,"9":0,"10":0,"11":0,"12":0,"13":0,"14":0},"b":{"0":[0,0],"1":[0,0],"2":[0,0],"3":[0,0]}}
,"/Users/mc/Documents/project/node/type/ts-axios/src/core/InterceptorManager.ts": {"path":"/Users/mc/Documents/project/node/type/ts-axios/src/core/InterceptorManager.ts","statementMap":{"0":{"start":{"line":8,"column":0},"end":{"line":8,"column":null}},"1":{"start":{"line":12,"column":4},"end":{"line":12,"column":null}},"2":{"start":{"line":15,"column":2},"end":{"line":21,"column":null}},"3":{"start":{"line":16,"column":4},"end":{"line":19,"column":null}},"4":{"start":{"line":20,"column":4},"end":{"line":20,"column":null}},"5":{"start":{"line":23,"column":2},"end":{"line":29,"column":null}},"6":{"start":{"line":24,"column":4},"end":{"line":28,"column":null}},"7":{"start":{"line":25,"column":6},"end":{"line":27,"column":null}},"8":{"start":{"line":26,"column":8},"end":{"line":26,"column":null}},"9":{"start":{"line":31,"column":2},"end":{"line":35,"column":null}},"10":{"start":{"line":32,"column":4},"end":{"line":34,"column":null}},"11":{"start":{"line":33,"column":6},"end":{"line":33,"column":null}},"12":{"start":{"line":36,"column":0},"end":{"line":36,"column":null}}},"fnMap":{"0":{"name":"(anonymous_0)","decl":{"start":{"line":8,"column":0},"end":{"line":8,"column":null}},"loc":{"start":{"line":8,"column":0},"end":{"line":36,"column":null}}},"1":{"name":"InterceptorManager","decl":{"start":{"line":11,"column":2},"end":{"line":11,"column":null}},"loc":{"start":{"line":11,"column":2},"end":{"line":13,"column":3}}},"2":{"name":"(anonymous_2)","decl":{"start":{"line":15,"column":2},"end":{"line":15,"column":5}},"loc":{"start":{"line":15,"column":52},"end":{"line":21,"column":3}}},"3":{"name":"(anonymous_3)","decl":{"start":{"line":23,"column":2},"end":{"line":23,"column":9}},"loc":{"start":{"line":23,"column":51},"end":{"line":29,"column":3}}},"4":{"name":"(anonymous_4)","decl":{"start":{"line":24,"column":30},"end":{"line":24,"column":41}},"loc":{"start":{"line":24,"column":41},"end":{"line":28,"column":5}}},"5":{"name":"(anonymous_5)","decl":{"start":{"line":31,"column":2},"end":{"line":31,"column":7}},"loc":{"start":{"line":31,"column":18},"end":{"line":35,"column":3}}}},"branchMap":{"0":{"loc":{"start":{"line":25,"column":6},"end":{"line":27,"column":null}},"type":"if","locations":[{"start":{"line":25,"column":6},"end":{"line":27,"column":null}},{"start":{"line":25,"column":6},"end":{"line":27,"column":null}}]},"1":{"loc":{"start":{"line":32,"column":4},"end":{"line":34,"column":null}},"type":"if","locations":[{"start":{"line":32,"column":4},"end":{"line":34,"column":null}},{"start":{"line":32,"column":4},"end":{"line":34,"column":null}}]}},"s":{"0":0,"1":0,"2":0,"3":0,"4":0,"5":0,"6":0,"7":0,"8":0,"9":0,"10":0,"11":0,"12":0},"f":{"0":0,"1":0,"2":0,"3":0,"4":0,"5":0},"b":{"0":[0,0],"1":[0,0]}}
,"/Users/mc/Documents/project/node/type/ts-axios/src/core/dispatchRequest.ts": {"path":"/Users/mc/Documents/project/node/type/ts-axios/src/core/dispatchRequest.ts","statementMap":{"0":{"start":{"line":2,"column":0},"end":{"line":2,"column":23}},"1":{"start":{"line":3,"column":0},"end":{"line":3,"column":68}},"2":{"start":{"line":4,"column":0},"end":{"line":4,"column":51}},"3":{"start":{"line":5,"column":0},"end":{"line":5,"column":35}},"4":{"start":{"line":11,"column":2},"end":{"line":11,"column":null}},"5":{"start":{"line":12,"column":2},"end":{"line":12,"column":null}},"6":{"start":{"line":16,"column":2},"end":{"line":18,"column":null}},"7":{"start":{"line":17,"column":4},"end":{"line":17,"column":null}},"8":{"start":{"line":8,"column":0},"end":{"line":8,"column":24}},"9":{"start":{"line":21,"column":2},"end":{"line":23,"column":null}},"10":{"start":{"line":22,"column":4},"end":{"line":22,"column":null}},"11":{"start":{"line":27,"column":2},"end":{"line":27,"column":null}},"12":{"start":{"line":28,"column":2},"end":{"line":28,"column":null}},"13":{"start":{"line":29,"column":2},"end":{"line":29,"column":null}},"14":{"start":{"line":33,"column":8},"end":{"line":33,"column":11}},"15":{"start":{"line":33,"column":13},"end":{"line":33,"column":19}},"16":{"start":{"line":33,"column":21},"end":{"line":33,"column":37}},"17":{"start":{"line":33,"column":39},"end":{"line":33,"column":46}},"18":{"start":{"line":34,"column":2},"end":{"line":36,"column":null}},"19":{"start":{"line":35,"column":4},"end":{"line":35,"column":null}},"20":{"start":{"line":37,"column":2},"end":{"line":37,"column":null}},"21":{"start":{"line":32,"column":0},"end":{"line":32,"column":16}},"22":{"start":{"line":40,"column":2},"end":{"line":40,"column":null}},"23":{"start":{"line":41,"column":2},"end":{"line":41,"column":null}}},"fnMap":{"0":{"name":"dispatchRequest","decl":{"start":{"line":8,"column":24},"end":{"line":8,"column":39}},"loc":{"start":{"line":9,"column":28},"end":{"line":19,"column":1}}},"1":{"name":"(anonymous_1)","decl":{"start":{"line":16,"column":26},"end":{"line":16,"column":29}},"loc":{"start":{"line":16,"column":29},"end":{"line":18,"column":3}}},"2":{"name":"throwIfCancellationRequested","decl":{"start":{"line":20,"column":9},"end":{"line":20,"column":37}},"loc":{"start":{"line":20,"column":64},"end":{"line":24,"column":1}}},"3":{"name":"processConfig","decl":{"start":{"line":26,"column":9},"end":{"line":26,"column":22}},"loc":{"start":{"line":26,"column":49},"end":{"line":30,"column":1}}},"4":{"name":"transformURL","decl":{"start":{"line":32,"column":16},"end":{"line":32,"column":28}},"loc":{"start":{"line":32,"column":55},"end":{"line":38,"column":1}}},"5":{"name":"transformResponseData","decl":{"start":{"line":39,"column":9},"end":{"line":39,"column":30}},"loc":{"start":{"line":39,"column":49},"end":{"line":42,"column":1}}}},"branchMap":{"0":{"loc":{"start":{"line":21,"column":2},"end":{"line":23,"column":null}},"type":"if","locations":[{"start":{"line":21,"column":2},"end":{"line":23,"column":null}},{"start":{"line":21,"column":2},"end":{"line":23,"column":null}}]},"1":{"loc":{"start":{"line":34,"column":2},"end":{"line":36,"column":null}},"type":"if","locations":[{"start":{"line":34,"column":2},"end":{"line":36,"column":null}},{"start":{"line":34,"column":2},"end":{"line":36,"column":null}}]},"2":{"loc":{"start":{"line":34,"column":6},"end":{"line":34,"column":13}},"type":"binary-expr","locations":[{"start":{"line":34,"column":6},"end":{"line":34,"column":13}},{"start":{"line":34,"column":17},"end":{"line":34,"column":37}}]}},"s":{"0":0,"1":0,"2":0,"3":0,"4":0,"5":0,"6":0,"7":0,"8":0,"9":0,"10":0,"11":0,"12":0,"13":0,"14":0,"15":0,"16":0,"17":0,"18":0,"19":0,"20":0,"21":0,"22":0,"23":0},"f":{"0":0,"1":0,"2":0,"3":0,"4":0,"5":0},"b":{"0":[0,0],"1":[0,0],"2":[0,0]}}
,"/Users/mc/Documents/project/node/type/ts-axios/src/core/mergeConfig.ts": {"path":"/Users/mc/Documents/project/node/type/ts-axios/src/core/mergeConfig.ts","statementMap":{"0":{"start":{"line":2,"column":0},"end":{"line":2,"column":58}},"1":{"start":{"line":4,"column":15},"end":{"line":4,"column":34}},"2":{"start":{"line":6,"column":2},"end":{"line":6,"column":null}},"3":{"start":{"line":10,"column":2},"end":{"line":12,"column":null}},"4":{"start":{"line":11,"column":4},"end":{"line":11,"column":null}},"5":{"start":{"line":16,"column":2},"end":{"line":24,"column":null}},"6":{"start":{"line":17,"column":4},"end":{"line":17,"column":null}},"7":{"start":{"line":18,"column":9},"end":{"line":24,"column":null}},"8":{"start":{"line":19,"column":4},"end":{"line":19,"column":null}},"9":{"start":{"line":20,"column":9},"end":{"line":24,"column":null}},"10":{"start":{"line":21,"column":4},"end":{"line":21,"column":null}},"11":{"start":{"line":22,"column":9},"end":{"line":24,"column":null}},"12":{"start":{"line":23,"column":4},"end":{"line":23,"column":null}},"13":{"start":{"line":27,"column":26},"end":{"line":27,"column":51}},"14":{"start":{"line":29,"column":0},"end":{"line":31,"column":null}},"15":{"start":{"line":30,"column":2},"end":{"line":30,"column":null}},"16":{"start":{"line":33,"column":27},"end":{"line":33,"column":46}},"17":{"start":{"line":35,"column":0},"end":{"line":37,"column":null}},"18":{"start":{"line":36,"column":2},"end":{"line":36,"column":null}},"19":{"start":{"line":43,"column":2},"end":{"line":45,"column":null}},"20":{"start":{"line":44,"column":4},"end":{"line":44,"column":null}},"21":{"start":{"line":47,"column":17},"end":{"line":47,"column":36}},"22":{"start":{"line":49,"column":2},"end":{"line":51,"column":null}},"23":{"start":{"line":50,"column":4},"end":{"line":50,"column":null}},"24":{"start":{"line":53,"column":2},"end":{"line":57,"column":null}},"25":{"start":{"line":54,"column":4},"end":{"line":56,"column":null}},"26":{"start":{"line":55,"column":6},"end":{"line":55,"column":null}},"27":{"start":{"line":60,"column":18},"end":{"line":60,"column":45}},"28":{"start":{"line":61,"column":4},"end":{"line":61,"column":null}},"29":{"start":{"line":64,"column":2},"end":{"line":64,"column":null}},"30":{"start":{"line":39,"column":0},"end":{"line":39,"column":24}}},"fnMap":{"0":{"name":"defaultStrat","decl":{"start":{"line":5,"column":9},"end":{"line":5,"column":21}},"loc":{"start":{"line":5,"column":42},"end":{"line":7,"column":1}}},"1":{"name":"fromVal2Strat","decl":{"start":{"line":9,"column":9},"end":{"line":9,"column":22}},"loc":{"start":{"line":9,"column":43},"end":{"line":13,"column":1}}},"2":{"name":"deepMergeStrat","decl":{"start":{"line":15,"column":9},"end":{"line":15,"column":23}},"loc":{"start":{"line":15,"column":44},"end":{"line":25,"column":1}}},"3":{"name":"(anonymous_3)","decl":{"start":{"line":29,"column":26},"end":{"line":29,"column":29}},"loc":{"start":{"line":29,"column":29},"end":{"line":31,"column":1}}},"4":{"name":"(anonymous_4)","decl":{"start":{"line":35,"column":27},"end":{"line":35,"column":30}},"loc":{"start":{"line":35,"column":30},"end":{"line":37,"column":1}}},"5":{"name":"mergeConfig","decl":{"start":{"line":39,"column":24},"end":{"line":39,"column":35}},"loc":{"start":{"line":41,"column":30},"end":{"line":65,"column":1}}},"6":{"name":"mergeField","decl":{"start":{"line":59,"column":11},"end":{"line":59,"column":21}},"loc":{"start":{"line":59,"column":33},"end":{"line":62,"column":3}}}},"branchMap":{"0":{"loc":{"start":{"line":6,"column":39},"end":{"line":6,"column":43}},"type":"cond-expr","locations":[{"start":{"line":6,"column":39},"end":{"line":6,"column":43}},{"start":{"line":6,"column":46},"end":{"line":6,"column":50}}]},"1":{"loc":{"start":{"line":10,"column":2},"end":{"line":12,"column":null}},"type":"if","locations":[{"start":{"line":10,"column":2},"end":{"line":12,"column":null}},{"start":{"line":10,"column":2},"end":{"line":12,"column":null}}]},"2":{"loc":{"start":{"line":16,"column":2},"end":{"line":24,"column":null}},"type":"if","locations":[{"start":{"line":16,"column":2},"end":{"line":24,"column":null}},{"start":{"line":16,"column":2},"end":{"line":24,"column":null}}]},"3":{"loc":{"start":{"line":18,"column":9},"end":{"line":24,"column":null}},"type":"if","locations":[{"start":{"line":18,"column":9},"end":{"line":24,"column":null}},{"start":{"line":18,"column":9},"end":{"line":24,"column":null}}]},"4":{"loc":{"start":{"line":20,"column":9},"end":{"line":24,"column":null}},"type":"if","locations":[{"start":{"line":20,"column":9},"end":{"line":24,"column":null}},{"start":{"line":20,"column":9},"end":{"line":24,"column":null}}]},"5":{"loc":{"start":{"line":22,"column":9},"end":{"line":24,"column":null}},"type":"if","locations":[{"start":{"line":22,"column":9},"end":{"line":24,"column":null}},{"start":{"line":22,"column":9},"end":{"line":24,"column":null}}]},"6":{"loc":{"start":{"line":43,"column":2},"end":{"line":45,"column":null}},"type":"if","locations":[{"start":{"line":43,"column":2},"end":{"line":45,"column":null}},{"start":{"line":43,"column":2},"end":{"line":45,"column":null}}]},"7":{"loc":{"start":{"line":54,"column":4},"end":{"line":56,"column":null}},"type":"if","locations":[{"start":{"line":54,"column":4},"end":{"line":56,"column":null}},{"start":{"line":54,"column":4},"end":{"line":56,"column":null}}]},"8":{"loc":{"start":{"line":60,"column":18},"end":{"line":60,"column":29}},"type":"binary-expr","locations":[{"start":{"line":60,"column":18},"end":{"line":60,"column":29}},{"start":{"line":60,"column":33},"end":{"line":60,"column":45}}]}},"s":{"0":0,"1":0,"2":0,"3":0,"4":0,"5":0,"6":0,"7":0,"8":0,"9":0,"10":0,"11":0,"12":0,"13":0,"14":0,"15":0,"16":0,"17":0,"18":0,"19":0,"20":0,"21":0,"22":0,"23":0,"24":0,"25":0,"26":0,"27":0,"28":0,"29":0,"30":0},"f":{"0":0,"1":0,"2":0,"3":0,"4":0,"5":0,"6":0},"b":{"0":[0,0],"1":[0,0],"2":[0,0],"3":[0,0],"4":[0,0],"5":[0,0],"6":[0,0],"7":[0,0],"8":[0,0]}}
,"/Users/mc/Documents/project/node/type/ts-axios/src/core/transform.ts": {"path":"/Users/mc/Documents/project/node/type/ts-axios/src/core/transform.ts","statementMap":{"0":{"start":{"line":8,"column":2},"end":{"line":10,"column":null}},"1":{"start":{"line":9,"column":4},"end":{"line":9,"column":null}},"2":{"start":{"line":11,"column":2},"end":{"line":13,"column":null}},"3":{"start":{"line":12,"column":4},"end":{"line":12,"column":null}},"4":{"start":{"line":14,"column":2},"end":{"line":16,"column":null}},"5":{"start":{"line":15,"column":4},"end":{"line":15,"column":null}},"6":{"start":{"line":17,"column":2},"end":{"line":17,"column":null}},"7":{"start":{"line":3,"column":0},"end":{"line":3,"column":24}}},"fnMap":{"0":{"name":"transform","decl":{"start":{"line":3,"column":24},"end":{"line":3,"column":33}},"loc":{"start":{"line":6,"column":45},"end":{"line":18,"column":1}}},"1":{"name":"(anonymous_1)","decl":{"start":{"line":14,"column":14},"end":{"line":14,"column":16}},"loc":{"start":{"line":14,"column":16},"end":{"line":16,"column":3}}}},"branchMap":{"0":{"loc":{"start":{"line":8,"column":2},"end":{"line":10,"column":null}},"type":"if","locations":[{"start":{"line":8,"column":2},"end":{"line":10,"column":null}},{"start":{"line":8,"column":2},"end":{"line":10,"column":null}}]},"1":{"loc":{"start":{"line":11,"column":2},"end":{"line":13,"column":null}},"type":"if","locations":[{"start":{"line":11,"column":2},"end":{"line":13,"column":null}},{"start":{"line":11,"column":2},"end":{"line":13,"column":null}}]}},"s":{"0":0,"1":0,"2":0,"3":0,"4":0,"5":0,"6":0,"7":0},"f":{"0":0,"1":0},"b":{"0":[0,0],"1":[0,0]}}
,"/Users/mc/Documents/project/node/type/ts-axios/src/core/xhr.ts": {"path":"/Users/mc/Documents/project/node/type/ts-axios/src/core/xhr.ts","statementMap":{"0":{"start":{"line":2,"column":0},"end":{"line":2,"column":49}},"1":{"start":{"line":3,"column":0},"end":{"line":3,"column":46}},"2":{"start":{"line":4,"column":0},"end":{"line":4,"column":48}},"3":{"start":{"line":5,"column":0},"end":{"line":5,"column":44}},"4":{"start":{"line":6,"column":0},"end":{"line":6,"column":38}},"5":{"start":{"line":8,"column":2},"end":{"line":159,"column":null}},"6":{"start":{"line":10,"column":6},"end":{"line":10,"column":17}},"7":{"start":{"line":11,"column":6},"end":{"line":11,"column":9}},"8":{"start":{"line":12,"column":6},"end":{"line":12,"column":20}},"9":{"start":{"line":13,"column":6},"end":{"line":13,"column":13}},"10":{"start":{"line":14,"column":6},"end":{"line":14,"column":18}},"11":{"start":{"line":15,"column":6},"end":{"line":15,"column":13}},"12":{"start":{"line":16,"column":6},"end":{"line":16,"column":17}},"13":{"start":{"line":17,"column":6},"end":{"line":17,"column":21}},"14":{"start":{"line":18,"column":6},"end":{"line":18,"column":20}},"15":{"start":{"line":19,"column":6},"end":{"line":19,"column":20}},"16":{"start":{"line":20,"column":6},"end":{"line":20,"column":24}},"17":{"start":{"line":21,"column":6},"end":{"line":21,"column":22}},"18":{"start":{"line":22,"column":6},"end":{"line":22,"column":10}},"19":{"start":{"line":23,"column":6},"end":{"line":23,"column":20}},"20":{"start":{"line":27,"column":20},"end":{"line":27,"column":40}},"21":{"start":{"line":30,"column":4},"end":{"line":30,"column":null}},"22":{"start":{"line":33,"column":4},"end":{"line":33,"column":null}},"23":{"start":{"line":36,"column":4},"end":{"line":36,"column":null}},"24":{"start":{"line":39,"column":4},"end":{"line":39,"column":null}},"25":{"start":{"line":42,"column":4},"end":{"line":42,"column":null}},"26":{"start":{"line":45,"column":4},"end":{"line":45,"column":null}},"27":{"start":{"line":48,"column":6},"end":{"line":50,"column":null}},"28":{"start":{"line":49,"column":8},"end":{"line":49,"column":null}},"29":{"start":{"line":52,"column":6},"end":{"line":54,"column":null}},"30":{"start":{"line":53,"column":8},"end":{"line":53,"column":null}},"31":{"start":{"line":56,"column":6},"end":{"line":58,"column":null}},"32":{"start":{"line":57,"column":8},"end":{"line":57,"column":null}},"33":{"start":{"line":62,"column":6},"end":{"line":85,"column":null}},"34":{"start":{"line":63,"column":8},"end":{"line":65,"column":null}},"35":{"start":{"line":64,"column":10},"end":{"line":64,"column":16}},"36":{"start":{"line":67,"column":8},"end":{"line":69,"column":null}},"37":{"start":{"line":68,"column":10},"end":{"line":68,"column":16}},"38":{"start":{"line":71,"column":32},"end":{"line":71,"column":77}},"39":{"start":{"line":73,"column":10},"end":{"line":75,"column":34}},"40":{"start":{"line":76,"column":40},"end":{"line":83,"column":null}},"41":{"start":{"line":84,"column":8},"end":{"line":84,"column":null}},"42":{"start":{"line":87,"column":6},"end":{"line":89,"column":null}},"43":{"start":{"line":88,"column":8},"end":{"line":88,"column":null}},"44":{"start":{"line":91,"column":6},"end":{"line":100,"column":null}},"45":{"start":{"line":92,"column":8},"end":{"line":99,"column":null}},"46":{"start":{"line":102,"column":6},"end":{"line":104,"column":null}},"47":{"start":{"line":103,"column":8},"end":{"line":103,"column":null}},"48":{"start":{"line":106,"column":6},"end":{"line":108,"column":null}},"49":{"start":{"line":107,"column":8},"end":{"line":107,"column":null}},"50":{"start":{"line":112,"column":6},"end":{"line":114,"column":null}},"51":{"start":{"line":113,"column":8},"end":{"line":113,"column":null}},"52":{"start":{"line":116,"column":6},"end":{"line":121,"column":null}},"53":{"start":{"line":117,"column":26},"end":{"line":117,"column":53}},"54":{"start":{"line":118,"column":8},"end":{"line":120,"column":null}},"55":{"start":{"line":119,"column":10},"end":{"line":119,"column":null}},"56":{"start":{"line":122,"column":6},"end":{"line":125,"column":null}},"57":{"start":{"line":123,"column":8},"end":{"line":124,"column":null}},"58":{"start":{"line":126,"column":6},"end":{"line":132,"column":null}},"59":{"start":{"line":127,"column":8},"end":{"line":131,"column":null}},"60":{"start":{"line":128,"column":10},"end":{"line":128,"column":null}},"61":{"start":{"line":130,"column":10},"end":{"line":130,"column":null}},"62":{"start":{"line":136,"column":6},"end":{"line":141,"column":null}},"63":{"start":{"line":137,"column":8},"end":{"line":140,"column":null}},"64":{"start":{"line":138,"column":10},"end":{"line":138,"column":null}},"65":{"start":{"line":139,"column":10},"end":{"line":139,"column":null}},"66":{"start":{"line":145,"column":6},"end":{"line":157,"column":null}},"67":{"start":{"line":146,"column":8},"end":{"line":146,"column":null}},"68":{"start":{"line":148,"column":8},"end":{"line":156,"column":null}},"69":{"start":{"line":7,"column":0},"end":{"line":7,"column":24}}},"fnMap":{"0":{"name":"xhr","decl":{"start":{"line":7,"column":24},"end":{"line":7,"column":27}},"loc":{"start":{"line":7,"column":54},"end":{"line":160,"column":1}}},"1":{"name":"(anonymous_1)","decl":{"start":{"line":8,"column":21},"end":{"line":8,"column":22}},"loc":{"start":{"line":8,"column":37},"end":{"line":159,"column":3}}},"2":{"name":"configureRequest","decl":{"start":{"line":47,"column":13},"end":{"line":47,"column":29}},"loc":{"start":{"line":47,"column":29},"end":{"line":59,"column":5}}},"3":{"name":"addEvents","decl":{"start":{"line":61,"column":13},"end":{"line":61,"column":22}},"loc":{"start":{"line":61,"column":22},"end":{"line":109,"column":5}}},"4":{"name":"handleLoad","decl":{"start":{"line":62,"column":44},"end":{"line":62,"column":54}},"loc":{"start":{"line":62,"column":54},"end":{"line":85,"column":7}}},"5":{"name":"handleError","decl":{"start":{"line":87,"column":33},"end":{"line":87,"column":44}},"loc":{"start":{"line":87,"column":44},"end":{"line":89,"column":7}}},"6":{"name":"handleTimeout","decl":{"start":{"line":91,"column":35},"end":{"line":91,"column":48}},"loc":{"start":{"line":91,"column":48},"end":{"line":100,"column":7}}},"7":{"name":"processHeaders","decl":{"start":{"line":111,"column":13},"end":{"line":111,"column":27}},"loc":{"start":{"line":111,"column":27},"end":{"line":133,"column":5}}},"8":{"name":"(anonymous_8)","decl":{"start":{"line":126,"column":35},"end":{"line":126,"column":39}},"loc":{"start":{"line":126,"column":39},"end":{"line":132,"column":7}}},"9":{"name":"processCancel","decl":{"start":{"line":135,"column":13},"end":{"line":135,"column":26}},"loc":{"start":{"line":135,"column":26},"end":{"line":142,"column":5}}},"10":{"name":"(anonymous_10)","decl":{"start":{"line":137,"column":33},"end":{"line":137,"column":39}},"loc":{"start":{"line":137,"column":39},"end":{"line":140,"column":9}}},"11":{"name":"handleResponse","decl":{"start":{"line":144,"column":13},"end":{"line":144,"column":27}},"loc":{"start":{"line":144,"column":51},"end":{"line":158,"column":5}}}},"branchMap":{"0":{"loc":{"start":{"line":10,"column":6},"end":{"line":10,"column":17}},"type":"cond-expr","locations":[{"start":{"line":10,"column":6},"end":{"line":10,"column":17}},{"start":{"line":10,"column":6},"end":{"line":10,"column":17}}]},"1":{"loc":{"start":{"line":12,"column":6},"end":{"line":12,"column":20}},"type":"cond-expr","locations":[{"start":{"line":12,"column":6},"end":{"line":12,"column":20}},{"start":{"line":12,"column":6},"end":{"line":12,"column":20}}]},"2":{"loc":{"start":{"line":48,"column":6},"end":{"line":50,"column":null}},"type":"if","locations":[{"start":{"line":48,"column":6},"end":{"line":50,"column":null}},{"start":{"line":48,"column":6},"end":{"line":50,"column":null}}]},"3":{"loc":{"start":{"line":52,"column":6},"end":{"line":54,"column":null}},"type":"if","locations":[{"start":{"line":52,"column":6},"end":{"line":54,"column":null}},{"start":{"line":52,"column":6},"end":{"line":54,"column":null}}]},"4":{"loc":{"start":{"line":56,"column":6},"end":{"line":58,"column":null}},"type":"if","locations":[{"start":{"line":56,"column":6},"end":{"line":58,"column":null}},{"start":{"line":56,"column":6},"end":{"line":58,"column":null}}]},"5":{"loc":{"start":{"line":63,"column":8},"end":{"line":65,"column":null}},"type":"if","locations":[{"start":{"line":63,"column":8},"end":{"line":65,"column":null}},{"start":{"line":63,"column":8},"end":{"line":65,"column":null}}]},"6":{"loc":{"start":{"line":67,"column":8},"end":{"line":69,"column":null}},"type":"if","locations":[{"start":{"line":67,"column":8},"end":{"line":69,"column":null}},{"start":{"line":67,"column":8},"end":{"line":69,"column":null}}]},"7":{"loc":{"start":{"line":74,"column":14},"end":{"line":74,"column":30}},"type":"cond-expr","locations":[{"start":{"line":74,"column":14},"end":{"line":74,"column":30}},{"start":{"line":75,"column":14},"end":{"line":75,"column":34}}]},"8":{"loc":{"start":{"line":73,"column":10},"end":{"line":73,"column":22}},"type":"binary-expr","locations":[{"start":{"line":73,"column":10},"end":{"line":73,"column":22}},{"start":{"line":73,"column":26},"end":{"line":73,"column":49}}]},"9":{"loc":{"start":{"line":102,"column":6},"end":{"line":104,"column":null}},"type":"if","locations":[{"start":{"line":102,"column":6},"end":{"line":104,"column":null}},{"start":{"line":102,"column":6},"end":{"line":104,"column":null}}]},"10":{"loc":{"start":{"line":106,"column":6},"end":{"line":108,"column":null}},"type":"if","locations":[{"start":{"line":106,"column":6},"end":{"line":108,"column":null}},{"start":{"line":106,"column":6},"end":{"line":108,"column":null}}]},"11":{"loc":{"start":{"line":112,"column":6},"end":{"line":114,"column":null}},"type":"if","locations":[{"start":{"line":112,"column":6},"end":{"line":114,"column":null}},{"start":{"line":112,"column":6},"end":{"line":114,"column":null}}]},"12":{"loc":{"start":{"line":116,"column":6},"end":{"line":121,"column":null}},"type":"if","locations":[{"start":{"line":116,"column":6},"end":{"line":121,"column":null}},{"start":{"line":116,"column":6},"end":{"line":121,"column":null}}]},"13":{"loc":{"start":{"line":116,"column":11},"end":{"line":116,"column":26}},"type":"binary-expr","locations":[{"start":{"line":116,"column":11},"end":{"line":116,"column":26}},{"start":{"line":116,"column":30},"end":{"line":116,"column":51}},{"start":{"line":116,"column":56},"end":{"line":116,"column":70}}]},"14":{"loc":{"start":{"line":118,"column":8},"end":{"line":120,"column":null}},"type":"if","locations":[{"start":{"line":118,"column":8},"end":{"line":120,"column":null}},{"start":{"line":118,"column":8},"end":{"line":120,"column":null}}]},"15":{"loc":{"start":{"line":122,"column":6},"end":{"line":125,"column":null}},"type":"if","locations":[{"start":{"line":122,"column":6},"end":{"line":125,"column":null}},{"start":{"line":122,"column":6},"end":{"line":125,"column":null}}]},"16":{"loc":{"start":{"line":127,"column":8},"end":{"line":131,"column":null}},"type":"if","locations":[{"start":{"line":127,"column":8},"end":{"line":131,"column":null}},{"start":{"line":127,"column":8},"end":{"line":131,"column":null}}]},"17":{"loc":{"start":{"line":127,"column":12},"end":{"line":127,"column":25}},"type":"binary-expr","locations":[{"start":{"line":127,"column":12},"end":{"line":127,"column":25}},{"start":{"line":127,"column":29},"end":{"line":127,"column":66}}]},"18":{"loc":{"start":{"line":136,"column":6},"end":{"line":141,"column":null}},"type":"if","locations":[{"start":{"line":136,"column":6},"end":{"line":141,"column":null}},{"start":{"line":136,"column":6},"end":{"line":141,"column":null}}]},"19":{"loc":{"start":{"line":145,"column":6},"end":{"line":157,"column":null}},"type":"if","locations":[{"start":{"line":145,"column":6},"end":{"line":157,"column":null}},{"start":{"line":145,"column":6},"end":{"line":157,"column":null}}]},"20":{"loc":{"start":{"line":145,"column":10},"end":{"line":145,"column":25}},"type":"binary-expr","locations":[{"start":{"line":145,"column":10},"end":{"line":145,"column":25}},{"start":{"line":145,"column":29},"end":{"line":145,"column":60}}]}},"s":{"0":0,"1":0,"2":0,"3":0,"4":0,"5":0,"6":0,"7":0,"8":0,"9":0,"10":0,"11":0,"12":0,"13":0,"14":0,"15":0,"16":0,"17":0,"18":0,"19":0,"20":0,"21":0,"22":0,"23":0,"24":0,"25":0,"26":0,"27":0,"28":0,"29":0,"30":0,"31":0,"32":0,"33":0,"34":0,"35":0,"36":0,"37":0,"38":0,"39":0,"40":0,"41":0,"42":0,"43":0,"44":0,"45":0,"46":0,"47":0,"48":0,"49":0,"50":0,"51":0,"52":0,"53":0,"54":0,"55":0,"56":0,"57":0,"58":0,"59":0,"60":0,"61":0,"62":0,"63":0,"64":0,"65":0,"66":0,"67":0,"68":0,"69":0},"f":{"0":0,"1":0,"2":0,"3":0,"4":0,"5":0,"6":0,"7":0,"8":0,"9":0,"10":0,"11":0},"b":{"0":[0,0],"1":[0,0],"2":[0,0],"3":[0,0],"4":[0,0],"5":[0,0],"6":[0,0],"7":[0,0],"8":[0,0],"9":[0,0],"10":[0,0],"11":[0,0],"12":[0,0],"13":[0,0,0],"14":[0,0],"15":[0,0],"16":[0,0],"17":[0,0],"18":[0,0],"19":[0,0],"20":[0,0]}}
,"/Users/mc/Documents/project/node/type/ts-axios/src/helpers/cookie.ts": {"path":"/Users/mc/Documents/project/node/type/ts-axios/src/helpers/cookie.ts","statementMap":{"0":{"start":{"line":1,"column":15},"end":{"line":8,"column":null}},"1":{"start":{"line":3,"column":18},"end":{"line":4,"column":null}},"2":{"start":{"line":6,"column":4},"end":{"line":6,"column":null}},"3":{"start":{"line":10,"column":0},"end":{"line":10,"column":null}}},"fnMap":{"0":{"name":"(anonymous_0)","decl":{"start":{"line":2,"column":2},"end":{"line":2,"column":6}},"loc":{"start":{"line":2,"column":19},"end":{"line":7,"column":3}}}},"branchMap":{"0":{"loc":{"start":{"line":6,"column":19},"end":{"line":6,"column":47}},"type":"cond-expr","locations":[{"start":{"line":6,"column":19},"end":{"line":6,"column":47}},{"start":{"line":6,"column":50},"end":{"line":6,"column":54}}]}},"s":{"0":1,"1":2,"2":2,"3":1},"f":{"0":2},"b":{"0":[1,1]}}
,"/Users/mc/Documents/project/node/type/ts-axios/src/helpers/data.ts": {"path":"/Users/mc/Documents/project/node/type/ts-axios/src/helpers/data.ts","statementMap":{"0":{"start":{"line":1,"column":0},"end":{"line":1,"column":38}},"1":{"start":{"line":4,"column":2},"end":{"line":6,"column":null}},"2":{"start":{"line":5,"column":4},"end":{"line":5,"column":null}},"3":{"start":{"line":7,"column":2},"end":{"line":7,"column":null}},"4":{"start":{"line":3,"column":0},"end":{"line":3,"column":16}},"5":{"start":{"line":10,"column":2},"end":{"line":16,"column":null}},"6":{"start":{"line":11,"column":4},"end":{"line":15,"column":null}},"7":{"start":{"line":12,"column":6},"end":{"line":12,"column":null}},"8":{"start":{"line":17,"column":2},"end":{"line":17,"column":null}},"9":{"start":{"line":9,"column":0},"end":{"line":9,"column":16}}},"fnMap":{"0":{"name":"transformRequest","decl":{"start":{"line":3,"column":16},"end":{"line":3,"column":32}},"loc":{"start":{"line":3,"column":42},"end":{"line":8,"column":1}}},"1":{"name":"transformResponse","decl":{"start":{"line":9,"column":16},"end":{"line":9,"column":33}},"loc":{"start":{"line":9,"column":43},"end":{"line":18,"column":1}}}},"branchMap":{"0":{"loc":{"start":{"line":4,"column":2},"end":{"line":6,"column":null}},"type":"if","locations":[{"start":{"line":4,"column":2},"end":{"line":6,"column":null}},{"start":{"line":4,"column":2},"end":{"line":6,"column":null}}]},"1":{"loc":{"start":{"line":10,"column":2},"end":{"line":16,"column":null}},"type":"if","locations":[{"start":{"line":10,"column":2},"end":{"line":16,"column":null}},{"start":{"line":10,"column":2},"end":{"line":16,"column":null}}]}},"s":{"0":1,"1":2,"2":1,"3":1,"4":1,"5":3,"6":2,"7":2,"8":3,"9":1},"f":{"0":2,"1":3},"b":{"0":[1,1],"1":[2,1]}}
,"/Users/mc/Documents/project/node/type/ts-axios/src/helpers/error.ts": {"path":"/Users/mc/Documents/project/node/type/ts-axios/src/helpers/error.ts","statementMap":{"0":{"start":{"line":3,"column":0},"end":{"line":3,"column":null}},"1":{"start":{"line":3,"column":32},"end":{"line":3,"column":37}},"2":{"start":{"line":17,"column":4},"end":{"line":17,"column":null}},"3":{"start":{"line":19,"column":4},"end":{"line":19,"column":null}},"4":{"start":{"line":20,"column":4},"end":{"line":20,"column":null}},"5":{"start":{"line":21,"column":4},"end":{"line":21,"column":null}},"6":{"start":{"line":22,"column":4},"end":{"line":22,"column":null}},"7":{"start":{"line":23,"column":4},"end":{"line":23,"column":null}},"8":{"start":{"line":25,"column":4},"end":{"line":25,"column":null}},"9":{"start":{"line":27,"column":0},"end":{"line":27,"column":null}},"10":{"start":{"line":3,"column":13},"end":{"line":3,"column":23}},"11":{"start":{"line":36,"column":16},"end":{"line":36,"column":72}},"12":{"start":{"line":38,"column":2},"end":{"line":38,"column":null}},"13":{"start":{"line":29,"column":0},"end":{"line":29,"column":16}}},"fnMap":{"0":{"name":"(anonymous_6)","decl":{"start":{"line":3,"column":0},"end":{"line":3,"column":13}},"loc":{"start":{"line":3,"column":0},"end":{"line":27,"column":null}}},"1":{"name":"AxiosError","decl":{"start":{"line":10,"column":2},"end":{"line":10,"column":null}},"loc":{"start":{"line":15,"column":28},"end":{"line":26,"column":3}}},"2":{"name":"createError","decl":{"start":{"line":29,"column":16},"end":{"line":29,"column":27}},"loc":{"start":{"line":34,"column":26},"end":{"line":39,"column":1}}}},"branchMap":{"0":{"loc":{"start":{"line":17,"column":4},"end":{"line":17,"column":18}},"type":"binary-expr","locations":[{"start":{"line":17,"column":4},"end":{"line":17,"column":18}},{"start":{"line":17,"column":18},"end":{"line":17,"column":null}}]}},"s":{"0":1,"1":1,"2":1,"3":1,"4":1,"5":1,"6":1,"7":1,"8":1,"9":1,"10":1,"11":1,"12":1,"13":1},"f":{"0":1,"1":1,"2":1},"b":{"0":[1,0]}}
,"/Users/mc/Documents/project/node/type/ts-axios/src/helpers/headers.ts": {"path":"/Users/mc/Documents/project/node/type/ts-axios/src/helpers/headers.ts","statementMap":{"0":{"start":{"line":1,"column":0},"end":{"line":1,"column":49}},"1":{"start":{"line":5,"column":2},"end":{"line":7,"column":null}},"2":{"start":{"line":6,"column":4},"end":{"line":6,"column":10}},"3":{"start":{"line":8,"column":2},"end":{"line":16,"column":null}},"4":{"start":{"line":9,"column":4},"end":{"line":15,"column":null}},"5":{"start":{"line":13,"column":6},"end":{"line":13,"column":null}},"6":{"start":{"line":14,"column":6},"end":{"line":14,"column":null}},"7":{"start":{"line":20,"column":2},"end":{"line":20,"column":null}},"8":{"start":{"line":22,"column":2},"end":{"line":26,"column":null}},"9":{"start":{"line":23,"column":4},"end":{"line":25,"column":null}},"10":{"start":{"line":24,"column":6},"end":{"line":24,"column":null}},"11":{"start":{"line":27,"column":2},"end":{"line":27,"column":null}},"12":{"start":{"line":19,"column":0},"end":{"line":19,"column":16}},"13":{"start":{"line":31,"column":15},"end":{"line":31,"column":34}},"14":{"start":{"line":32,"column":2},"end":{"line":34,"column":null}},"15":{"start":{"line":33,"column":4},"end":{"line":33,"column":null}},"16":{"start":{"line":37,"column":2},"end":{"line":45,"column":null}},"17":{"start":{"line":38,"column":8},"end":{"line":38,"column":9}},"18":{"start":{"line":38,"column":9},"end":{"line":38,"column":12}},"19":{"start":{"line":38,"column":14},"end":{"line":38,"column":40}},"20":{"start":{"line":39,"column":4},"end":{"line":39,"column":null}},"21":{"start":{"line":40,"column":4},"end":{"line":42,"column":null}},"22":{"start":{"line":41,"column":6},"end":{"line":41,"column":12}},"23":{"start":{"line":43,"column":14},"end":{"line":43,"column":35}},"24":{"start":{"line":44,"column":4},"end":{"line":44,"column":null}},"25":{"start":{"line":47,"column":2},"end":{"line":47,"column":null}},"26":{"start":{"line":30,"column":0},"end":{"line":30,"column":16}},"27":{"start":{"line":50,"column":2},"end":{"line":52,"column":null}},"28":{"start":{"line":51,"column":4},"end":{"line":51,"column":null}},"29":{"start":{"line":53,"column":2},"end":{"line":53,"column":null}},"30":{"start":{"line":55,"column":26},"end":{"line":64,"column":null}},"31":{"start":{"line":66,"column":2},"end":{"line":68,"column":null}},"32":{"start":{"line":67,"column":4},"end":{"line":67,"column":null}},"33":{"start":{"line":70,"column":2},"end":{"line":70,"column":null}},"34":{"start":{"line":49,"column":0},"end":{"line":49,"column":16}}},"fnMap":{"0":{"name":"normalizeHeaderName","decl":{"start":{"line":4,"column":9},"end":{"line":4,"column":28}},"loc":{"start":{"line":4,"column":65},"end":{"line":17,"column":1}}},"1":{"name":"(anonymous_1)","decl":{"start":{"line":8,"column":31},"end":{"line":8,"column":35}},"loc":{"start":{"line":8,"column":35},"end":{"line":16,"column":3}}},"2":{"name":"processHeaders","decl":{"start":{"line":19,"column":16},"end":{"line":19,"column":30}},"loc":{"start":{"line":19,"column":54},"end":{"line":28,"column":1}}},"3":{"name":"parseHeaders","decl":{"start":{"line":30,"column":16},"end":{"line":30,"column":28}},"loc":{"start":{"line":30,"column":44},"end":{"line":48,"column":1}}},"4":{"name":"(anonymous_4)","decl":{"start":{"line":37,"column":32},"end":{"line":37,"column":36}},"loc":{"start":{"line":37,"column":36},"end":{"line":45,"column":3}}},"5":{"name":"flattenHeaders","decl":{"start":{"line":49,"column":16},"end":{"line":49,"column":30}},"loc":{"start":{"line":49,"column":59},"end":{"line":71,"column":1}}},"6":{"name":"(anonymous_6)","decl":{"start":{"line":66,"column":26},"end":{"line":66,"column":32}},"loc":{"start":{"line":66,"column":32},"end":{"line":68,"column":3}}}},"branchMap":{"0":{"loc":{"start":{"line":5,"column":2},"end":{"line":7,"column":null}},"type":"if","locations":[{"start":{"line":5,"column":2},"end":{"line":7,"column":null}},{"start":{"line":5,"column":2},"end":{"line":7,"column":null}}]},"1":{"loc":{"start":{"line":9,"column":4},"end":{"line":15,"column":null}},"type":"if","locations":[{"start":{"line":9,"column":4},"end":{"line":15,"column":null}},{"start":{"line":9,"column":4},"end":{"line":15,"column":null}}]},"2":{"loc":{"start":{"line":10,"column":6},"end":{"line":10,"column":29}},"type":"binary-expr","locations":[{"start":{"line":10,"column":6},"end":{"line":10,"column":29}},{"start":{"line":11,"column":6},"end":{"line":11,"column":57}}]},"3":{"loc":{"start":{"line":22,"column":2},"end":{"line":26,"column":null}},"type":"if","locations":[{"start":{"line":22,"column":2},"end":{"line":26,"column":null}},{"start":{"line":22,"column":2},"end":{"line":26,"column":null}}]},"4":{"loc":{"start":{"line":23,"column":4},"end":{"line":25,"column":null}},"type":"if","locations":[{"start":{"line":23,"column":4},"end":{"line":25,"column":null}},{"start":{"line":23,"column":4},"end":{"line":25,"column":null}}]},"5":{"loc":{"start":{"line":23,"column":8},"end":{"line":23,"column":15}},"type":"binary-expr","locations":[{"start":{"line":23,"column":8},"end":{"line":23,"column":15}},{"start":{"line":23,"column":19},"end":{"line":23,"column":43}}]},"6":{"loc":{"start":{"line":32,"column":2},"end":{"line":34,"column":null}},"type":"if","locations":[{"start":{"line":32,"column":2},"end":{"line":34,"column":null}},{"start":{"line":32,"column":2},"end":{"line":34,"column":null}}]},"7":{"loc":{"start":{"line":40,"column":4},"end":{"line":42,"column":null}},"type":"if","locations":[{"start":{"line":40,"column":4},"end":{"line":42,"column":null}},{"start":{"line":40,"column":4},"end":{"line":42,"column":null}}]},"8":{"loc":{"start":{"line":50,"column":2},"end":{"line":52,"column":null}},"type":"if","locations":[{"start":{"line":50,"column":2},"end":{"line":52,"column":null}},{"start":{"line":50,"column":2},"end":{"line":52,"column":null}}]},"9":{"loc":{"start":{"line":53,"column":22},"end":{"line":53,"column":36}},"type":"binary-expr","locations":[{"start":{"line":53,"column":22},"end":{"line":53,"column":36}},{"start":{"line":53,"column":40},"end":{"line":53,"column":42}}]},"10":{"loc":{"start":{"line":53,"column":44},"end":{"line":53,"column":59}},"type":"binary-expr","locations":[{"start":{"line":53,"column":44},"end":{"line":53,"column":59}},{"start":{"line":53,"column":63},"end":{"line":53,"column":65}}]}},"s":{"0":1,"1":5,"2":2,"3":3,"4":2,"5":1,"6":1,"7":5,"8":5,"9":4,"10":1,"11":5,"12":1,"13":2,"14":2,"15":1,"16":1,"17":6,"18":6,"19":6,"20":6,"21":6,"22":1,"23":5,"24":5,"25":1,"26":1,"27":4,"28":2,"29":2,"30":2,"31":2,"32":16,"33":2,"34":1},"f":{"0":5,"1":2,"2":5,"3":2,"4":6,"5":4,"6":16},"b":{"0":[2,3],"1":[1,1],"2":[2,2],"3":[4,1],"4":[1,3],"5":[4,2],"6":[1,1],"7":[1,5],"8":[2,2],"9":[2,1],"10":[2,1]}}
,"/Users/mc/Documents/project/node/type/ts-axios/src/helpers/url.ts": {"path":"/Users/mc/Documents/project/node/type/ts-axios/src/helpers/url.ts","statementMap":{"0":{"start":{"line":1,"column":0},"end":{"line":1,"column":65}},"1":{"start":{"line":9,"column":2},"end":{"line":16,"column":null}},"2":{"start":{"line":24,"column":2},"end":{"line":26,"column":null}},"3":{"start":{"line":25,"column":4},"end":{"line":25,"column":null}},"4":{"start":{"line":30,"column":2},"end":{"line":60,"column":null}},"5":{"start":{"line":31,"column":4},"end":{"line":31,"column":null}},"6":{"start":{"line":32,"column":9},"end":{"line":60,"column":null}},"7":{"start":{"line":33,"column":4},"end":{"line":33,"column":null}},"8":{"start":{"line":35,"column":28},"end":{"line":35,"column":30}},"9":{"start":{"line":37,"column":4},"end":{"line":57,"column":null}},"10":{"start":{"line":38,"column":18},"end":{"line":38,"column":29}},"11":{"start":{"line":39,"column":6},"end":{"line":41,"column":null}},"12":{"start":{"line":40,"column":8},"end":{"line":40,"column":14}},"13":{"start":{"line":42,"column":19},"end":{"line":42,"column":21}},"14":{"start":{"line":43,"column":6},"end":{"line":48,"column":null}},"15":{"start":{"line":44,"column":8},"end":{"line":44,"column":null}},"16":{"start":{"line":45,"column":8},"end":{"line":45,"column":null}},"17":{"start":{"line":47,"column":8},"end":{"line":47,"column":null}},"18":{"start":{"line":49,"column":6},"end":{"line":56,"column":null}},"19":{"start":{"line":50,"column":8},"end":{"line":54,"column":null}},"20":{"start":{"line":51,"column":10},"end":{"line":51,"column":null}},"21":{"start":{"line":52,"column":15},"end":{"line":54,"column":null}},"22":{"start":{"line":53,"column":10},"end":{"line":53,"column":null}},"23":{"start":{"line":55,"column":8},"end":{"line":55,"column":null}},"24":{"start":{"line":59,"column":4},"end":{"line":59,"column":null}},"25":{"start":{"line":62,"column":2},"end":{"line":69,"column":null}},"26":{"start":{"line":63,"column":22},"end":{"line":63,"column":38}},"27":{"start":{"line":64,"column":4},"end":{"line":66,"column":null}},"28":{"start":{"line":65,"column":6},"end":{"line":65,"column":null}},"29":{"start":{"line":68,"column":4},"end":{"line":68,"column":null}},"30":{"start":{"line":71,"column":2},"end":{"line":71,"column":null}},"31":{"start":{"line":19,"column":0},"end":{"line":19,"column":16}},"32":{"start":{"line":74,"column":2},"end":{"line":74,"column":null}},"33":{"start":{"line":73,"column":0},"end":{"line":73,"column":16}},"34":{"start":{"line":78,"column":2},"end":{"line":80,"column":null}},"35":{"start":{"line":77,"column":0},"end":{"line":77,"column":16}},"36":{"start":{"line":83,"column":23},"end":{"line":83,"column":45}},"37":{"start":{"line":84,"column":2},"end":{"line":87,"column":null}},"38":{"start":{"line":82,"column":0},"end":{"line":82,"column":16}},"39":{"start":{"line":90,"column":23},"end":{"line":90,"column":50}},"40":{"start":{"line":91,"column":22},"end":{"line":91,"column":54}},"41":{"start":{"line":94,"column":2},"end":{"line":94,"column":null}},"42":{"start":{"line":95,"column":10},"end":{"line":95,"column":18}},"43":{"start":{"line":95,"column":20},"end":{"line":95,"column":24}},"44":{"start":{"line":97,"column":2},"end":{"line":100,"column":null}}},"fnMap":{"0":{"name":"encode","decl":{"start":{"line":8,"column":9},"end":{"line":8,"column":15}},"loc":{"start":{"line":8,"column":27},"end":{"line":17,"column":1}}},"1":{"name":"buildURL","decl":{"start":{"line":19,"column":16},"end":{"line":19,"column":24}},"loc":{"start":{"line":22,"column":44},"end":{"line":72,"column":1}}},"2":{"name":"(anonymous_2)","decl":{"start":{"line":37,"column":32},"end":{"line":37,"column":35}},"loc":{"start":{"line":37,"column":35},"end":{"line":57,"column":5}}},"3":{"name":"(anonymous_3)","decl":{"start":{"line":49,"column":21},"end":{"line":49,"column":24}},"loc":{"start":{"line":49,"column":24},"end":{"line":56,"column":7}}},"4":{"name":"isAbsoluteURL","decl":{"start":{"line":73,"column":16},"end":{"line":73,"column":29}},"loc":{"start":{"line":73,"column":41},"end":{"line":75,"column":1}}},"5":{"name":"combineURL","decl":{"start":{"line":77,"column":16},"end":{"line":77,"column":26}},"loc":{"start":{"line":77,"column":64},"end":{"line":81,"column":1}}},"6":{"name":"isURLSameOrigin","decl":{"start":{"line":82,"column":16},"end":{"line":82,"column":31}},"loc":{"start":{"line":82,"column":50},"end":{"line":88,"column":1}}},"7":{"name":"resolveURL","decl":{"start":{"line":93,"column":9},"end":{"line":93,"column":19}},"loc":{"start":{"line":93,"column":31},"end":{"line":101,"column":1}}}},"branchMap":{"0":{"loc":{"start":{"line":24,"column":2},"end":{"line":26,"column":null}},"type":"if","locations":[{"start":{"line":24,"column":2},"end":{"line":26,"column":null}},{"start":{"line":24,"column":2},"end":{"line":26,"column":null}}]},"1":{"loc":{"start":{"line":30,"column":2},"end":{"line":60,"column":null}},"type":"if","locations":[{"start":{"line":30,"column":2},"end":{"line":60,"column":null}},{"start":{"line":30,"column":2},"end":{"line":60,"column":null}}]},"2":{"loc":{"start":{"line":32,"column":9},"end":{"line":60,"column":null}},"type":"if","locations":[{"start":{"line":32,"column":9},"end":{"line":60,"column":null}},{"start":{"line":32,"column":9},"end":{"line":60,"column":null}}]},"3":{"loc":{"start":{"line":39,"column":6},"end":{"line":41,"column":null}},"type":"if","locations":[{"start":{"line":39,"column":6},"end":{"line":41,"column":null}},{"start":{"line":39,"column":6},"end":{"line":41,"column":null}}]},"4":{"loc":{"start":{"line":39,"column":10},"end":{"line":39,"column":22}},"type":"binary-expr","locations":[{"start":{"line":39,"column":10},"end":{"line":39,"column":22}},{"start":{"line":39,"column":26},"end":{"line":39,"column":52}}]},"5":{"loc":{"start":{"line":43,"column":6},"end":{"line":48,"column":null}},"type":"if","locations":[{"start":{"line":43,"column":6},"end":{"line":48,"column":null}},{"start":{"line":43,"column":6},"end":{"line":48,"column":null}}]},"6":{"loc":{"start":{"line":50,"column":8},"end":{"line":54,"column":null}},"type":"if","locations":[{"start":{"line":50,"column":8},"end":{"line":54,"column":null}},{"start":{"line":50,"column":8},"end":{"line":54,"column":null}}]},"7":{"loc":{"start":{"line":52,"column":15},"end":{"line":54,"column":null}},"type":"if","locations":[{"start":{"line":52,"column":15},"end":{"line":54,"column":null}},{"start":{"line":52,"column":15},"end":{"line":54,"column":null}}]},"8":{"loc":{"start":{"line":62,"column":2},"end":{"line":69,"column":null}},"type":"if","locations":[{"start":{"line":62,"column":2},"end":{"line":69,"column":null}},{"start":{"line":62,"column":2},"end":{"line":69,"column":null}}]},"9":{"loc":{"start":{"line":64,"column":4},"end":{"line":66,"column":null}},"type":"if","locations":[{"start":{"line":64,"column":4},"end":{"line":66,"column":null}},{"start":{"line":64,"column":4},"end":{"line":66,"column":null}}]},"10":{"loc":{"start":{"line":68,"column":38},"end":{"line":68,"column":41}},"type":"cond-expr","locations":[{"start":{"line":68,"column":38},"end":{"line":68,"column":41}},{"start":{"line":68,"column":44},"end":{"line":68,"column":47}}]},"11":{"loc":{"start":{"line":79,"column":6},"end":{"line":79,"column":73}},"type":"cond-expr","locations":[{"start":{"line":79,"column":6},"end":{"line":79,"column":73}},{"start":{"line":80,"column":6},"end":{"line":80,"column":13}}]},"12":{"loc":{"start":{"line":85,"column":4},"end":{"line":85,"column":52}},"type":"binary-expr","locations":[{"start":{"line":85,"column":4},"end":{"line":85,"column":52}},{"start":{"line":86,"column":4},"end":{"line":86,"column":44}}]}},"s":{"0":1,"1":18,"2":12,"3":1,"4":11,"5":1,"6":10,"7":1,"8":9,"9":9,"10":10,"11":10,"12":2,"13":8,"14":8,"15":1,"16":1,"17":7,"18":8,"19":9,"20":1,"21":8,"22":1,"23":9,"24":9,"25":11,"26":10,"27":10,"28":1,"29":10,"30":11,"31":1,"32":8,"33":1,"34":5,"35":1,"36":2,"37":2,"38":1,"39":1,"40":1,"41":3,"42":3,"43":3,"44":3},"f":{"0":18,"1":12,"2":10,"3":9,"4":8,"5":5,"6":2,"7":3},"b":{"0":[1,11],"1":[1,10],"2":[1,9],"3":[2,8],"4":[10,8],"5":[1,7],"6":[1,8],"7":[1,7],"8":[10,1],"9":[1,9],"10":[8,2],"11":[4,1],"12":[2,1]}}
,"/Users/mc/Documents/project/node/type/ts-axios/src/helpers/util.ts": {"path":"/Users/mc/Documents/project/node/type/ts-axios/src/helpers/util.ts","statementMap":{"0":{"start":{"line":1,"column":17},"end":{"line":1,"column":42}},"1":{"start":{"line":4,"column":2},"end":{"line":4,"column":null}},"2":{"start":{"line":3,"column":0},"end":{"line":3,"column":16}},"3":{"start":{"line":12,"column":2},"end":{"line":12,"column":null}},"4":{"start":{"line":11,"column":0},"end":{"line":11,"column":16}},"5":{"start":{"line":15,"column":2},"end":{"line":15,"column":null}},"6":{"start":{"line":14,"column":0},"end":{"line":14,"column":16}},"7":{"start":{"line":18,"column":2},"end":{"line":18,"column":null}},"8":{"start":{"line":17,"column":0},"end":{"line":17,"column":16}},"9":{"start":{"line":21,"column":2},"end":{"line":23,"column":null}},"10":{"start":{"line":22,"column":6},"end":{"line":22,"column":null}},"11":{"start":{"line":24,"column":2},"end":{"line":24,"column":null}},"12":{"start":{"line":20,"column":0},"end":{"line":20,"column":16}},"13":{"start":{"line":26,"column":26},"end":{"line":26,"column":40}},"14":{"start":{"line":27,"column":17},"end":{"line":27,"column":36}},"15":{"start":{"line":29,"column":2},"end":{"line":44,"column":null}},"16":{"start":{"line":30,"column":4},"end":{"line":43,"column":null}},"17":{"start":{"line":31,"column":6},"end":{"line":42,"column":null}},"18":{"start":{"line":32,"column":20},"end":{"line":32,"column":28}},"19":{"start":{"line":33,"column":8},"end":{"line":41,"column":null}},"20":{"start":{"line":34,"column":10},"end":{"line":38,"column":null}},"21":{"start":{"line":35,"column":12},"end":{"line":35,"column":null}},"22":{"start":{"line":37,"column":12},"end":{"line":37,"column":null}},"23":{"start":{"line":40,"column":10},"end":{"line":40,"column":null}},"24":{"start":{"line":46,"column":2},"end":{"line":46,"column":null}},"25":{"start":{"line":26,"column":0},"end":{"line":26,"column":16}}},"fnMap":{"0":{"name":"isDate","decl":{"start":{"line":3,"column":16},"end":{"line":3,"column":22}},"loc":{"start":{"line":3,"column":31},"end":{"line":5,"column":1}}},"1":{"name":"isPlainObject","decl":{"start":{"line":11,"column":16},"end":{"line":11,"column":29}},"loc":{"start":{"line":11,"column":38},"end":{"line":13,"column":1}}},"2":{"name":"isFormData","decl":{"start":{"line":14,"column":16},"end":{"line":14,"column":26}},"loc":{"start":{"line":14,"column":35},"end":{"line":16,"column":1}}},"3":{"name":"isURLSearchParams","decl":{"start":{"line":17,"column":16},"end":{"line":17,"column":33}},"loc":{"start":{"line":17,"column":42},"end":{"line":19,"column":1}}},"4":{"name":"extend","decl":{"start":{"line":20,"column":16},"end":{"line":20,"column":22}},"loc":{"start":{"line":20,"column":43},"end":{"line":25,"column":1}}},"5":{"name":"deepMerge","decl":{"start":{"line":26,"column":16},"end":{"line":26,"column":25}},"loc":{"start":{"line":26,"column":25},"end":{"line":47,"column":1}}},"6":{"name":"(anonymous_6)","decl":{"start":{"line":29,"column":15},"end":{"line":29,"column":18}},"loc":{"start":{"line":29,"column":18},"end":{"line":44,"column":3}}},"7":{"name":"(anonymous_7)","decl":{"start":{"line":31,"column":31},"end":{"line":31,"column":34}},"loc":{"start":{"line":31,"column":34},"end":{"line":42,"column":7}}}},"branchMap":{"0":{"loc":{"start":{"line":15,"column":9},"end":{"line":15,"column":35}},"type":"binary-expr","locations":[{"start":{"line":15,"column":9},"end":{"line":15,"column":35}},{"start":{"line":15,"column":39},"end":{"line":15,"column":62}}]},"1":{"loc":{"start":{"line":18,"column":9},"end":{"line":18,"column":35}},"type":"binary-expr","locations":[{"start":{"line":18,"column":9},"end":{"line":18,"column":35}},{"start":{"line":18,"column":39},"end":{"line":18,"column":69}}]},"2":{"loc":{"start":{"line":30,"column":4},"end":{"line":43,"column":null}},"type":"if","locations":[{"start":{"line":30,"column":4},"end":{"line":43,"column":null}},{"start":{"line":30,"column":4},"end":{"line":43,"column":null}}]},"3":{"loc":{"start":{"line":33,"column":8},"end":{"line":41,"column":null}},"type":"if","locations":[{"start":{"line":33,"column":8},"end":{"line":41,"column":null}},{"start":{"line":33,"column":8},"end":{"line":41,"column":null}}]},"4":{"loc":{"start":{"line":34,"column":10},"end":{"line":38,"column":null}},"type":"if","locations":[{"start":{"line":34,"column":10},"end":{"line":38,"column":null}},{"start":{"line":34,"column":10},"end":{"line":38,"column":null}}]}},"s":{"0":4,"1":11,"2":4,"3":55,"4":4,"5":2,"6":4,"7":12,"8":4,"9":2,"10":2,"11":2,"12":4,"13":84,"14":20,"15":20,"16":44,"17":36,"18":30,"19":30,"20":8,"21":1,"22":7,"23":22,"24":20,"25":4},"f":{"0":11,"1":55,"2":2,"3":12,"4":2,"5":20,"6":44,"7":30},"b":{"0":[2,2],"1":[12,12],"2":[36,8],"3":[8,22],"4":[1,7]}}
}
