{"/Users/mc/Documents/project/node/type/ts-axios/ts-axios/src/ts-axios.ts": {"path":"/Users/mc/Documents/project/node/type/ts-axios/ts-axios/src/ts-axios.ts","statementMap":{"0":{"start":{"line":4,"column":0},"end":{"line":4,"column":null}},"1":{"start":{"line":6,"column":0},"end":{"line":6,"column":null}}},"fnMap":{"0":{"name":"(anonymous_0)","decl":{"start":{"line":4,"column":0},"end":{"line":4,"column":null}},"loc":{"start":{"line":4,"column":0},"end":{"line":6,"column":null}}}},"branchMap":{},"s":{"0":1,"1":1},"f":{"0":2},"b":{}}
}
