TN:
SF:/Users/mc/Documents/project/node/type/ts-axios/src/axios.ts
FN:9,createInstance
FN:18,create
FN:25,all
FN:29,spread
FN:30,wrap
FNF:5
FNH:0
FNDA:0,createInstance
FNDA:0,create
FNDA:0,all
FNDA:0,spread
FNDA:0,wrap
DA:2,0
DA:3,0
DA:4,0
DA:5,0
DA:6,0
DA:7,0
DA:10,0
DA:11,0
DA:13,0
DA:15,0
DA:17,0
DA:18,0
DA:19,0
DA:21,0
DA:22,0
DA:23,0
DA:25,0
DA:26,0
DA:29,0
DA:30,0
DA:31,0
DA:35,0
DA:36,0
LF:23
LH:0
BRF:0
BRH:0
end_of_record
TN:
SF:/Users/mc/Documents/project/node/type/ts-axios/src/defaults.ts
FN:20,(anonymous_0)
FN:27,(anonymous_1)
FN:31,(anonymous_2)
FN:38,(anonymous_3)
FN:44,(anonymous_4)
FNF:5
FNH:0
FNDA:0,(anonymous_0)
FNDA:0,(anonymous_1)
FNDA:0,(anonymous_2)
FNDA:0,(anonymous_3)
FNDA:0,(anonymous_4)
DA:2,0
DA:3,0
DA:5,0
DA:21,0
DA:22,0
DA:28,0
DA:32,0
DA:36,0
DA:38,0
DA:39,0
DA:42,0
DA:44,0
DA:45,0
DA:50,0
LF:14
LH:0
BRDA:32,0,0,0
BRDA:32,0,1,0
BRF:2
BRH:0
end_of_record
TN:
SF:/Users/mc/Documents/project/node/type/ts-axios/src/index.ts
FNF:0
FNH:0
DA:1,0
DA:5,0
LF:2
LH:0
BRF:0
BRH:0
end_of_record
TN:
SF:/Users/mc/Documents/project/node/type/ts-axios/src/cancel/Cancel.ts
FN:1,(anonymous_0)
FN:4,Cancel
FN:9,isCancel
FNF:3
FNH:0
FNDA:0,(anonymous_0)
FNDA:0,Cancel
FNDA:0,isCancel
DA:1,0
DA:5,0
DA:7,0
DA:9,0
DA:10,0
LF:5
LH:0
BRF:0
BRH:0
end_of_record
TN:
SF:/Users/mc/Documents/project/node/type/ts-axios/src/cancel/CancelToken.ts
FN:7,(anonymous_0)
FN:11,CancelToken
FN:13,(anonymous_2)
FN:17,(anonymous_3)
FN:25,(anonymous_4)
FN:30,(anonymous_5)
FN:32,(anonymous_6)
FNF:7
FNH:0
FNDA:0,(anonymous_0)
FNDA:0,CancelToken
FNDA:0,(anonymous_2)
FNDA:0,(anonymous_3)
FNDA:0,(anonymous_4)
FNDA:0,(anonymous_5)
FNDA:0,(anonymous_6)
DA:2,0
DA:7,0
DA:11,0
DA:13,0
DA:14,0
DA:17,0
DA:18,0
DA:19,0
DA:21,0
DA:22,0
DA:25,0
DA:26,0
DA:27,0
DA:30,0
DA:32,0
DA:33,0
DA:35,0
DA:40,0
LF:18
LH:0
BRDA:18,0,0,0
BRDA:18,0,1,0
BRDA:26,1,0,0
BRDA:26,1,1,0
BRF:4
BRH:0
end_of_record
TN:
SF:/Users/mc/Documents/project/node/type/ts-axios/src/core/Axios.ts
FN:23,(anonymous_0)
FN:26,Axios
FN:34,(anonymous_2)
FN:51,(anonymous_3)
FN:55,(anonymous_4)
FN:80,(anonymous_5)
FN:84,(anonymous_6)
FN:88,(anonymous_7)
FN:92,(anonymous_8)
FN:96,(anonymous_9)
FN:100,(anonymous_10)
FN:104,(anonymous_11)
FN:107,(anonymous_12)
FN:111,(anonymous_13)
FN:124,(anonymous_14)
FNF:15
FNH:0
FNDA:0,(anonymous_0)
FNDA:0,Axios
FNDA:0,(anonymous_2)
FNDA:0,(anonymous_3)
FNDA:0,(anonymous_4)
FNDA:0,(anonymous_5)
FNDA:0,(anonymous_6)
FNDA:0,(anonymous_7)
FNDA:0,(anonymous_8)
FNDA:0,(anonymous_9)
FNDA:0,(anonymous_10)
FNDA:0,(anonymous_11)
FNDA:0,(anonymous_12)
FNDA:0,(anonymous_13)
FNDA:0,(anonymous_14)
DA:9,0
DA:10,0
DA:11,0
DA:23,0
DA:27,0
DA:28,0
DA:34,0
DA:35,0
DA:36,0
DA:37,0
DA:39,0
DA:41,0
DA:43,0
DA:44,0
DA:51,0
DA:52,0
DA:55,0
DA:56,0
DA:59,0
DA:61,0
DA:62,0
DA:63,0
DA:66,0
DA:80,0
DA:81,0
DA:84,0
DA:85,0
DA:88,0
DA:89,0
DA:92,0
DA:93,0
DA:96,0
DA:97,0
DA:100,0
DA:101,0
DA:104,0
DA:105,0
DA:107,0
DA:108,0
DA:109,0
DA:111,0
DA:116,0
DA:124,0
DA:130,0
DA:138,0
LF:45
LH:0
BRDA:35,0,0,0
BRDA:35,0,1,0
BRDA:36,1,0,0
BRDA:36,1,1,0
BRDA:117,2,0,0
BRDA:117,2,1,0
BRDA:131,3,0,0
BRDA:131,3,1,0
BRF:8
BRH:0
end_of_record
TN:
SF:/Users/mc/Documents/project/node/type/ts-axios/src/core/InterceptorManager.ts
FN:8,(anonymous_0)
FN:11,InterceptorManager
FN:15,(anonymous_2)
FN:23,(anonymous_3)
FN:24,(anonymous_4)
FN:31,(anonymous_5)
FNF:6
FNH:0
FNDA:0,(anonymous_0)
FNDA:0,InterceptorManager
FNDA:0,(anonymous_2)
FNDA:0,(anonymous_3)
FNDA:0,(anonymous_4)
FNDA:0,(anonymous_5)
DA:8,0
DA:12,0
DA:15,0
DA:16,0
DA:20,0
DA:23,0
DA:24,0
DA:25,0
DA:26,0
DA:31,0
DA:32,0
DA:33,0
DA:36,0
LF:13
LH:0
BRDA:25,0,0,0
BRDA:25,0,1,0
BRDA:32,1,0,0
BRDA:32,1,1,0
BRF:4
BRH:0
end_of_record
TN:
SF:/Users/mc/Documents/project/node/type/ts-axios/src/core/dispatchRequest.ts
FN:8,dispatchRequest
FN:16,(anonymous_1)
FN:20,throwIfCancellationRequested
FN:26,processConfig
FN:32,transformURL
FN:39,transformResponseData
FNF:6
FNH:0
FNDA:0,dispatchRequest
FNDA:0,(anonymous_1)
FNDA:0,throwIfCancellationRequested
FNDA:0,processConfig
FNDA:0,transformURL
FNDA:0,transformResponseData
DA:2,0
DA:3,0
DA:4,0
DA:5,0
DA:8,0
DA:11,0
DA:12,0
DA:16,0
DA:17,0
DA:21,0
DA:22,0
DA:27,0
DA:28,0
DA:29,0
DA:32,0
DA:33,0
DA:34,0
DA:35,0
DA:37,0
DA:40,0
DA:41,0
LF:21
LH:0
BRDA:21,0,0,0
BRDA:21,0,1,0
BRDA:34,1,0,0
BRDA:34,1,1,0
BRDA:34,2,0,0
BRDA:34,2,1,0
BRF:6
BRH:0
end_of_record
TN:
SF:/Users/mc/Documents/project/node/type/ts-axios/src/core/mergeConfig.ts
FN:5,defaultStrat
FN:9,fromVal2Strat
FN:15,deepMergeStrat
FN:29,(anonymous_3)
FN:35,(anonymous_4)
FN:39,mergeConfig
FN:59,mergeField
FNF:7
FNH:0
FNDA:0,defaultStrat
FNDA:0,fromVal2Strat
FNDA:0,deepMergeStrat
FNDA:0,(anonymous_3)
FNDA:0,(anonymous_4)
FNDA:0,mergeConfig
FNDA:0,mergeField
DA:2,0
DA:4,0
DA:6,0
DA:10,0
DA:11,0
DA:16,0
DA:17,0
DA:18,0
DA:19,0
DA:20,0
DA:21,0
DA:22,0
DA:23,0
DA:27,0
DA:29,0
DA:30,0
DA:33,0
DA:35,0
DA:36,0
DA:39,0
DA:43,0
DA:44,0
DA:47,0
DA:49,0
DA:50,0
DA:53,0
DA:54,0
DA:55,0
DA:60,0
DA:61,0
DA:64,0
LF:31
LH:0
BRDA:6,0,0,0
BRDA:6,0,1,0
BRDA:10,1,0,0
BRDA:10,1,1,0
BRDA:16,2,0,0
BRDA:16,2,1,0
BRDA:18,3,0,0
BRDA:18,3,1,0
BRDA:20,4,0,0
BRDA:20,4,1,0
BRDA:22,5,0,0
BRDA:22,5,1,0
BRDA:43,6,0,0
BRDA:43,6,1,0
BRDA:54,7,0,0
BRDA:54,7,1,0
BRDA:60,8,0,0
BRDA:60,8,1,0
BRF:18
BRH:0
end_of_record
TN:
SF:/Users/mc/Documents/project/node/type/ts-axios/src/core/transform.ts
FN:3,transform
FN:14,(anonymous_1)
FNF:2
FNH:0
FNDA:0,transform
FNDA:0,(anonymous_1)
DA:3,0
DA:8,0
DA:9,0
DA:11,0
DA:12,0
DA:14,0
DA:15,0
DA:17,0
LF:8
LH:0
BRDA:8,0,0,0
BRDA:8,0,1,0
BRDA:11,1,0,0
BRDA:11,1,1,0
BRF:4
BRH:0
end_of_record
TN:
SF:/Users/mc/Documents/project/node/type/ts-axios/src/core/xhr.ts
FN:7,xhr
FN:8,(anonymous_1)
FN:47,configureRequest
FN:61,addEvents
FN:62,handleLoad
FN:87,handleError
FN:91,handleTimeout
FN:111,processHeaders
FN:126,(anonymous_8)
FN:135,processCancel
FN:137,(anonymous_10)
FN:144,handleResponse
FNF:12
FNH:0
FNDA:0,xhr
FNDA:0,(anonymous_1)
FNDA:0,configureRequest
FNDA:0,addEvents
FNDA:0,handleLoad
FNDA:0,handleError
FNDA:0,handleTimeout
FNDA:0,processHeaders
FNDA:0,(anonymous_8)
FNDA:0,processCancel
FNDA:0,(anonymous_10)
FNDA:0,handleResponse
DA:2,0
DA:3,0
DA:4,0
DA:5,0
DA:6,0
DA:7,0
DA:8,0
DA:10,0
DA:11,0
DA:12,0
DA:13,0
DA:14,0
DA:15,0
DA:16,0
DA:17,0
DA:18,0
DA:19,0
DA:20,0
DA:21,0
DA:22,0
DA:23,0
DA:27,0
DA:30,0
DA:33,0
DA:36,0
DA:39,0
DA:42,0
DA:45,0
DA:48,0
DA:49,0
DA:52,0
DA:53,0
DA:56,0
DA:57,0
DA:62,0
DA:63,0
DA:64,0
DA:67,0
DA:68,0
DA:71,0
DA:73,0
DA:76,0
DA:84,0
DA:87,0
DA:88,0
DA:91,0
DA:92,0
DA:102,0
DA:103,0
DA:106,0
DA:107,0
DA:112,0
DA:113,0
DA:116,0
DA:117,0
DA:118,0
DA:119,0
DA:122,0
DA:123,0
DA:126,0
DA:127,0
DA:128,0
DA:130,0
DA:136,0
DA:137,0
DA:138,0
DA:139,0
DA:145,0
DA:146,0
DA:148,0
LF:70
LH:0
BRDA:10,0,0,0
BRDA:10,0,1,0
BRDA:12,1,0,0
BRDA:12,1,1,0
BRDA:48,2,0,0
BRDA:48,2,1,0
BRDA:52,3,0,0
BRDA:52,3,1,0
BRDA:56,4,0,0
BRDA:56,4,1,0
BRDA:63,5,0,0
BRDA:63,5,1,0
BRDA:67,6,0,0
BRDA:67,6,1,0
BRDA:74,7,0,0
BRDA:74,7,1,0
BRDA:73,8,0,0
BRDA:73,8,1,0
BRDA:102,9,0,0
BRDA:102,9,1,0
BRDA:106,10,0,0
BRDA:106,10,1,0
BRDA:112,11,0,0
BRDA:112,11,1,0
BRDA:116,12,0,0
BRDA:116,12,1,0
BRDA:116,13,0,0
BRDA:116,13,1,0
BRDA:116,13,2,0
BRDA:118,14,0,0
BRDA:118,14,1,0
BRDA:122,15,0,0
BRDA:122,15,1,0
BRDA:127,16,0,0
BRDA:127,16,1,0
BRDA:127,17,0,0
BRDA:127,17,1,0
BRDA:136,18,0,0
BRDA:136,18,1,0
BRDA:145,19,0,0
BRDA:145,19,1,0
BRDA:145,20,0,0
BRDA:145,20,1,0
BRF:43
BRH:0
end_of_record
TN:
SF:/Users/mc/Documents/project/node/type/ts-axios/src/helpers/cookie.ts
FN:2,(anonymous_0)
FNF:1
FNH:1
FNDA:2,(anonymous_0)
DA:1,1
DA:3,2
DA:6,2
DA:10,1
LF:4
LH:4
BRDA:6,0,0,1
BRDA:6,0,1,1
BRF:2
BRH:2
end_of_record
TN:
SF:/Users/mc/Documents/project/node/type/ts-axios/src/helpers/data.ts
FN:3,transformRequest
FN:9,transformResponse
FNF:2
FNH:2
FNDA:2,transformRequest
FNDA:3,transformResponse
DA:1,1
DA:3,1
DA:4,2
DA:5,1
DA:7,1
DA:9,1
DA:10,3
DA:11,2
DA:12,2
DA:17,3
LF:10
LH:10
BRDA:4,0,0,1
BRDA:4,0,1,1
BRDA:10,1,0,2
BRDA:10,1,1,1
BRF:4
BRH:4
end_of_record
TN:
SF:/Users/mc/Documents/project/node/type/ts-axios/src/helpers/error.ts
FN:3,(anonymous_6)
FN:10,AxiosError
FN:29,createError
FNF:3
FNH:3
FNDA:1,(anonymous_6)
FNDA:1,AxiosError
FNDA:1,createError
DA:3,1
DA:17,1
DA:19,1
DA:20,1
DA:21,1
DA:22,1
DA:23,1
DA:25,1
DA:27,1
DA:29,1
DA:36,1
DA:38,1
LF:12
LH:12
BRDA:17,0,0,1
BRDA:17,0,1,0
BRF:2
BRH:1
end_of_record
TN:
SF:/Users/mc/Documents/project/node/type/ts-axios/src/helpers/headers.ts
FN:4,normalizeHeaderName
FN:8,(anonymous_1)
FN:19,processHeaders
FN:30,parseHeaders
FN:37,(anonymous_4)
FN:49,flattenHeaders
FN:66,(anonymous_6)
FNF:7
FNH:7
FNDA:5,normalizeHeaderName
FNDA:2,(anonymous_1)
FNDA:5,processHeaders
FNDA:2,parseHeaders
FNDA:6,(anonymous_4)
FNDA:4,flattenHeaders
FNDA:16,(anonymous_6)
DA:1,1
DA:5,5
DA:6,2
DA:8,3
DA:9,2
DA:13,1
DA:14,1
DA:19,1
DA:20,5
DA:22,5
DA:23,4
DA:24,1
DA:27,5
DA:30,1
DA:31,2
DA:32,2
DA:33,1
DA:37,1
DA:38,6
DA:39,6
DA:40,6
DA:41,1
DA:43,5
DA:44,5
DA:47,1
DA:49,1
DA:50,4
DA:51,2
DA:53,2
DA:55,2
DA:66,2
DA:67,16
DA:70,2
LF:33
LH:33
BRDA:5,0,0,2
BRDA:5,0,1,3
BRDA:9,1,0,1
BRDA:9,1,1,1
BRDA:10,2,0,2
BRDA:10,2,1,2
BRDA:22,3,0,4
BRDA:22,3,1,1
BRDA:23,4,0,1
BRDA:23,4,1,3
BRDA:23,5,0,4
BRDA:23,5,1,2
BRDA:32,6,0,1
BRDA:32,6,1,1
BRDA:40,7,0,1
BRDA:40,7,1,5
BRDA:50,8,0,2
BRDA:50,8,1,2
BRDA:53,9,0,2
BRDA:53,9,1,1
BRDA:53,10,0,2
BRDA:53,10,1,1
BRF:22
BRH:22
end_of_record
TN:
SF:/Users/mc/Documents/project/node/type/ts-axios/src/helpers/url.ts
FN:8,encode
FN:19,buildURL
FN:37,(anonymous_2)
FN:49,(anonymous_3)
FN:73,isAbsoluteURL
FN:77,combineURL
FN:82,isURLSameOrigin
FN:93,resolveURL
FNF:8
FNH:8
FNDA:18,encode
FNDA:12,buildURL
FNDA:10,(anonymous_2)
FNDA:9,(anonymous_3)
FNDA:8,isAbsoluteURL
FNDA:5,combineURL
FNDA:2,isURLSameOrigin
FNDA:3,resolveURL
DA:1,1
DA:9,18
DA:19,1
DA:24,12
DA:25,1
DA:30,11
DA:31,1
DA:32,10
DA:33,1
DA:35,9
DA:37,9
DA:38,10
DA:39,10
DA:40,2
DA:42,8
DA:43,8
DA:44,1
DA:45,1
DA:47,7
DA:49,8
DA:50,9
DA:51,1
DA:52,8
DA:53,1
DA:55,9
DA:59,9
DA:62,11
DA:63,10
DA:64,10
DA:65,1
DA:68,10
DA:71,11
DA:73,1
DA:74,8
DA:77,1
DA:78,5
DA:82,1
DA:83,2
DA:84,2
DA:90,1
DA:91,1
DA:94,3
DA:95,3
DA:97,3
LF:44
LH:44
BRDA:24,0,0,1
BRDA:24,0,1,11
BRDA:30,1,0,1
BRDA:30,1,1,10
BRDA:32,2,0,1
BRDA:32,2,1,9
BRDA:39,3,0,2
BRDA:39,3,1,8
BRDA:39,4,0,10
BRDA:39,4,1,8
BRDA:43,5,0,1
BRDA:43,5,1,7
BRDA:50,6,0,1
BRDA:50,6,1,8
BRDA:52,7,0,1
BRDA:52,7,1,7
BRDA:62,8,0,10
BRDA:62,8,1,1
BRDA:64,9,0,1
BRDA:64,9,1,9
BRDA:68,10,0,8
BRDA:68,10,1,2
BRDA:79,11,0,4
BRDA:79,11,1,1
BRDA:85,12,0,2
BRDA:85,12,1,1
BRF:26
BRH:26
end_of_record
TN:
SF:/Users/mc/Documents/project/node/type/ts-axios/src/helpers/util.ts
FN:3,isDate
FN:11,isPlainObject
FN:14,isFormData
FN:17,isURLSearchParams
FN:20,extend
FN:26,deepMerge
FN:29,(anonymous_6)
FN:31,(anonymous_7)
FNF:8
FNH:8
FNDA:11,isDate
FNDA:55,isPlainObject
FNDA:2,isFormData
FNDA:12,isURLSearchParams
FNDA:2,extend
FNDA:20,deepMerge
FNDA:44,(anonymous_6)
FNDA:30,(anonymous_7)
DA:1,4
DA:3,4
DA:4,11
DA:11,4
DA:12,55
DA:14,4
DA:15,2
DA:17,4
DA:18,12
DA:20,4
DA:21,2
DA:22,2
DA:24,2
DA:26,84
DA:27,20
DA:29,20
DA:30,44
DA:31,36
DA:32,30
DA:33,30
DA:34,8
DA:35,1
DA:37,7
DA:40,22
DA:46,20
LF:25
LH:25
BRDA:15,0,0,2
BRDA:15,0,1,2
BRDA:18,1,0,12
BRDA:18,1,1,12
BRDA:30,2,0,36
BRDA:30,2,1,8
BRDA:33,3,0,8
BRDA:33,3,1,22
BRDA:34,4,0,1
BRDA:34,4,1,7
BRF:10
BRH:10
end_of_record
